0 verbose cli /usr/bin/node /usr/bin/npm
1 info using npm@11.6.2
2 info using node@v24.12.0
3 silly config load:file:/usr/lib/node_modules/npm/npmrc
4 silly config load:file:/home/ec2-user/AXO-Project/.npmrc
5 silly config load:file:/home/ec2-user/.npmrc
6 silly config load:file:/home/ec2-user/.npm-global/etc/npmrc
7 verbose title npm install nodemon
8 verbose argv "install" "--save-dev" "nodemon"
9 verbose logfile logs-max:10 dir:/home/ec2-user/.npm/_logs/2026-01-26T08_08_20_598Z-
10 verbose logfile /home/ec2-user/.npm/_logs/2026-01-26T08_08_20_598Z-debug-0.log
11 silly logfile start cleaning logs, removing 1 files
12 silly logfile done cleaning log files
13 silly packumentCache heap:2254700544 maxSize:563675136 maxEntrySize:281837568
14 silly idealTree buildDeps
15 silly fetch manifest nodemon@*
16 silly packumentCache full:https://registry.npmjs.org/nodemon cache-miss
17 http fetch GET 200 https://registry.npmjs.org/nodemon 117ms (cache miss)
18 silly packumentCache full:https://registry.npmjs.org/nodemon set size:undefined disposed:false
19 silly placeDep ROOT nodemon@3.1.11 OK for: axo-project@1.0.0 want: *
20 silly fetch manifest chokidar@^3.5.2
21 silly packumentCache full:https://registry.npmjs.org/chokidar cache-miss
22 http fetch GET 200 https://registry.npmjs.org/chokidar 43ms (cache revalidated)
23 silly packumentCache full:https://registry.npmjs.org/chokidar set size:255902 disposed:false
24 silly fetch manifest ignore-by-default@^1.0.1
25 silly packumentCache full:https://registry.npmjs.org/ignore-by-default cache-miss
26 http fetch GET 200 https://registry.npmjs.org/ignore-by-default 33ms (cache miss)
27 silly packumentCache full:https://registry.npmjs.org/ignore-by-default set size:undefined disposed:false
28 silly fetch manifest minimatch@^3.1.2
29 silly packumentCache full:https://registry.npmjs.org/minimatch cache-miss
30 http fetch GET 200 https://registry.npmjs.org/minimatch 325ms (cache miss)
31 silly packumentCache full:https://registry.npmjs.org/minimatch set size:undefined disposed:false
32 silly fetch manifest pstree.remy@^1.1.8
33 silly packumentCache full:https://registry.npmjs.org/pstree.remy cache-miss
34 http fetch GET 200 https://registry.npmjs.org/pstree.remy 31ms (cache miss)
35 silly packumentCache full:https://registry.npmjs.org/pstree.remy set size:undefined disposed:false
36 silly fetch manifest simple-update-notifier@^2.0.0
37 silly packumentCache full:https://registry.npmjs.org/simple-update-notifier cache-miss
38 http fetch GET 200 https://registry.npmjs.org/simple-update-notifier 26ms (cache miss)
39 silly packumentCache full:https://registry.npmjs.org/simple-update-notifier set size:undefined disposed:false
40 silly fetch manifest supports-color@^5.5.0
41 silly packumentCache full:https://registry.npmjs.org/supports-color cache-miss
42 http fetch GET 200 https://registry.npmjs.org/supports-color 36ms (cache revalidated)
43 silly packumentCache full:https://registry.npmjs.org/supports-color set size:118680 disposed:false
44 silly fetch manifest touch@^3.1.0
45 silly packumentCache full:https://registry.npmjs.org/touch cache-miss
46 http fetch GET 200 https://registry.npmjs.org/touch 36ms (cache miss)
47 silly packumentCache full:https://registry.npmjs.org/touch set size:undefined disposed:false
48 silly fetch manifest undefsafe@^2.0.5
49 silly packumentCache full:https://registry.npmjs.org/undefsafe cache-miss
50 http fetch GET 200 https://registry.npmjs.org/undefsafe 26ms (cache miss)
51 silly packumentCache full:https://registry.npmjs.org/undefsafe set size:undefined disposed:false
52 silly placeDep ROOT chokidar@3.6.0 OK for: nodemon@3.1.11 want: ^3.5.2
53 silly placeDep ROOT ignore-by-default@1.0.1 OK for: nodemon@3.1.11 want: ^1.0.1
54 silly placeDep ROOT minimatch@3.1.2 OK for: nodemon@3.1.11 want: ^3.1.2
55 silly placeDep ROOT pstree.remy@1.1.8 OK for: nodemon@3.1.11 want: ^1.1.8
56 silly placeDep ROOT simple-update-notifier@2.0.0 OK for: nodemon@3.1.11 want: ^2.0.0
57 silly placeDep ROOT supports-color@5.5.0 OK for: nodemon@3.1.11 want: ^5.5.0
58 silly placeDep ROOT touch@3.1.1 OK for: nodemon@3.1.11 want: ^3.1.0
59 silly placeDep ROOT undefsafe@2.0.5 OK for: nodemon@3.1.11 want: ^2.0.5
60 silly fetch manifest braces@~3.0.2
61 silly packumentCache full:https://registry.npmjs.org/braces cache-miss
62 http fetch GET 200 https://registry.npmjs.org/braces 36ms (cache revalidated)
63 silly packumentCache full:https://registry.npmjs.org/braces set size:114529 disposed:false
64 silly fetch manifest is-glob@~4.0.1
65 silly packumentCache full:https://registry.npmjs.org/is-glob cache-miss
66 http fetch GET 200 https://registry.npmjs.org/is-glob 29ms (cache revalidated)
67 silly packumentCache full:https://registry.npmjs.org/is-glob set size:40530 disposed:false
68 silly fetch manifest anymatch@~3.1.2
69 silly packumentCache full:https://registry.npmjs.org/anymatch cache-miss
70 http fetch GET 200 https://registry.npmjs.org/anymatch 33ms (cache revalidated)
71 silly packumentCache full:https://registry.npmjs.org/anymatch set size:42974 disposed:false
72 silly fetch manifest readdirp@~3.6.0
73 silly packumentCache full:https://registry.npmjs.org/readdirp cache-miss
74 http fetch GET 200 https://registry.npmjs.org/readdirp 31ms (cache revalidated)
75 silly packumentCache full:https://registry.npmjs.org/readdirp set size:107589 disposed:false
76 silly fetch manifest glob-parent@~5.1.2
77 silly packumentCache full:https://registry.npmjs.org/glob-parent cache-miss
78 http fetch GET 200 https://registry.npmjs.org/glob-parent 35ms (cache revalidated)
79 silly packumentCache full:https://registry.npmjs.org/glob-parent set size:42445 disposed:false
80 silly fetch manifest is-binary-path@~2.1.0
81 silly packumentCache full:https://registry.npmjs.org/is-binary-path cache-miss
82 http fetch GET 200 https://registry.npmjs.org/is-binary-path 29ms (cache revalidated)
83 silly packumentCache full:https://registry.npmjs.org/is-binary-path set size:13475 disposed:false
84 silly fetch manifest normalize-path@~3.0.0
85 silly packumentCache full:https://registry.npmjs.org/normalize-path cache-miss
86 http fetch GET 200 https://registry.npmjs.org/normalize-path 29ms (cache revalidated)
87 silly packumentCache full:https://registry.npmjs.org/normalize-path set size:28713 disposed:false
88 silly fetch manifest fsevents@~2.3.2
89 silly packumentCache full:https://registry.npmjs.org/fsevents cache-miss
90 http fetch GET 200 https://registry.npmjs.org/fsevents 39ms (cache revalidated)
91 silly packumentCache full:https://registry.npmjs.org/fsevents set size:182472 disposed:false
92 silly fetch manifest brace-expansion@^1.1.7
93 silly packumentCache full:https://registry.npmjs.org/brace-expansion cache-miss
94 http fetch GET 200 https://registry.npmjs.org/brace-expansion 34ms (cache miss)
95 silly packumentCache full:https://registry.npmjs.org/brace-expansion set size:undefined disposed:false
96 silly fetch manifest has-flag@^3.0.0
97 silly packumentCache full:https://registry.npmjs.org/has-flag cache-miss
98 http fetch GET 200 https://registry.npmjs.org/has-flag 30ms (cache revalidated)
99 silly packumentCache full:https://registry.npmjs.org/has-flag set size:15180 disposed:false
100 silly placeDep ROOT anymatch@3.1.3 OK for: chokidar@3.6.0 want: ~3.1.2
101 silly placeDep ROOT braces@3.0.3 OK for: chokidar@3.6.0 want: ~3.0.2
102 silly placeDep ROOT fsevents@2.3.3 OK for: chokidar@3.6.0 want: ~2.3.2
103 silly placeDep ROOT glob-parent@5.1.2 OK for: chokidar@3.6.0 want: ~5.1.2
104 silly placeDep ROOT is-binary-path@2.1.0 OK for: chokidar@3.6.0 want: ~2.1.0
105 silly placeDep ROOT is-glob@4.0.3 OK for: chokidar@3.6.0 want: ~4.0.1
106 silly placeDep ROOT normalize-path@3.0.0 OK for: chokidar@3.6.0 want: ~3.0.0
107 silly placeDep ROOT readdirp@3.6.0 OK for: chokidar@3.6.0 want: ~3.6.0
108 silly fetch manifest picomatch@^2.0.4
109 silly packumentCache full:https://registry.npmjs.org/picomatch cache-miss
110 http fetch GET 200 https://registry.npmjs.org/picomatch 34ms (cache revalidated)
111 silly packumentCache full:https://registry.npmjs.org/picomatch set size:118818 disposed:false
112 silly fetch manifest normalize-path@^3.0.0
113 silly packumentCache full:https://registry.npmjs.org/normalize-path cache-hit
114 silly fetch manifest fill-range@^7.1.1
115 silly packumentCache full:https://registry.npmjs.org/fill-range cache-miss
116 http fetch GET 200 https://registry.npmjs.org/fill-range 29ms (cache revalidated)
117 silly packumentCache full:https://registry.npmjs.org/fill-range set size:90212 disposed:false
118 silly fetch manifest is-glob@^4.0.1
119 silly packumentCache full:https://registry.npmjs.org/is-glob cache-hit
120 silly fetch manifest binary-extensions@^2.0.0
121 silly packumentCache full:https://registry.npmjs.org/binary-extensions cache-miss
122 http fetch GET 200 https://registry.npmjs.org/binary-extensions 828ms (cache revalidated)
123 silly packumentCache full:https://registry.npmjs.org/binary-extensions set size:51551 disposed:false
124 silly fetch manifest is-extglob@^2.1.1
125 silly packumentCache full:https://registry.npmjs.org/is-extglob cache-miss
126 http fetch GET 200 https://registry.npmjs.org/is-extglob 55ms (cache revalidated)
127 silly packumentCache full:https://registry.npmjs.org/is-extglob set size:11766 disposed:false
128 silly fetch manifest picomatch@^2.2.1
129 silly packumentCache full:https://registry.npmjs.org/picomatch cache-hit
130 silly placeDep ROOT picomatch@2.3.1 OK for: anymatch@3.1.3 want: ^2.0.4
131 silly placeDep ROOT fill-range@7.1.1 OK for: braces@3.0.3 want: ^7.1.1
132 silly fetch manifest to-regex-range@^5.0.1
133 silly packumentCache full:https://registry.npmjs.org/to-regex-range cache-miss
134 http fetch GET 200 https://registry.npmjs.org/to-regex-range 29ms (cache revalidated)
135 silly packumentCache full:https://registry.npmjs.org/to-regex-range set size:61569 disposed:false
136 silly placeDep ROOT to-regex-range@5.0.1 OK for: fill-range@7.1.1 want: ^5.0.1
137 silly fetch manifest is-number@^7.0.0
138 silly packumentCache full:https://registry.npmjs.org/is-number cache-miss
139 http fetch GET 200 https://registry.npmjs.org/is-number 29ms (cache revalidated)
140 silly packumentCache full:https://registry.npmjs.org/is-number set size:36183 disposed:false
141 silly placeDep ROOT binary-extensions@2.3.0 OK for: is-binary-path@2.1.0 want: ^2.0.0
142 silly placeDep ROOT is-extglob@2.1.1 OK for: is-glob@4.0.3 want: ^2.1.1
143 silly placeDep ROOT brace-expansion@1.1.12 OK for: minimatch@3.1.2 want: ^1.1.7
144 silly fetch manifest balanced-match@^1.0.0
145 silly packumentCache full:https://registry.npmjs.org/balanced-match cache-miss
146 http fetch GET 200 https://registry.npmjs.org/balanced-match 35ms (cache miss)
147 silly packumentCache full:https://registry.npmjs.org/balanced-match set size:undefined disposed:false
148 silly fetch manifest concat-map@0.0.1
149 silly packumentCache full:https://registry.npmjs.org/concat-map cache-miss
150 http fetch GET 200 https://registry.npmjs.org/concat-map 36ms (cache miss)
151 silly packumentCache full:https://registry.npmjs.org/concat-map set size:undefined disposed:false
152 silly placeDep ROOT balanced-match@1.0.2 OK for: brace-expansion@1.1.12 want: ^1.0.0
153 silly placeDep ROOT concat-map@0.0.1 OK for: brace-expansion@1.1.12 want: 0.0.1
154 silly placeDep ROOT has-flag@3.0.0 OK for: supports-color@5.5.0 want: ^3.0.0
155 silly placeDep ROOT is-number@7.0.0 OK for: to-regex-range@5.0.1 want: ^7.0.0
156 silly reify moves {}
157 silly audit bulk request {
157 silly audit   '@mongodb-js/saslprep': [ '1.4.4' ],
157 silly audit   '@types/webidl-conversions': [ '7.0.3' ],
157 silly audit   '@types/whatwg-url': [ '13.0.0' ],
157 silly audit   accepts: [ '2.0.0' ],
157 silly audit   bcrypt: [ '6.0.0' ],
157 silly audit   bcryptjs: [ '3.0.3' ],
157 silly audit   'body-parser': [ '2.2.1' ],
157 silly audit   bson: [ '7.0.0' ],
157 silly audit   'buffer-equal-constant-time': [ '1.0.1' ],
157 silly audit   bytes: [ '3.1.2' ],
157 silly audit   'call-bind-apply-helpers': [ '1.0.2' ],
157 silly audit   'call-bound': [ '1.0.4' ],
157 silly audit   'content-disposition': [ '1.0.1' ],
157 silly audit   'content-type': [ '1.0.5' ],
157 silly audit   cookie: [ '0.7.2' ],
157 silly audit   'cookie-parser': [ '1.4.7' ],
157 silly audit   'cookie-signature': [ '1.0.6', '1.2.2' ],
157 silly audit   cors: [ '2.8.6' ],
157 silly audit   debug: [ '4.4.3' ],
157 silly audit   depd: [ '2.0.0' ],
157 silly audit   dotenv: [ '17.2.3' ],
157 silly audit   'dunder-proto': [ '1.0.1' ],
157 silly audit   'ecdsa-sig-formatter': [ '1.0.11' ],
157 silly audit   'ee-first': [ '1.1.1' ],
157 silly audit   encodeurl: [ '2.0.0' ],
157 silly audit   'es-define-property': [ '1.0.1' ],
157 silly audit   'es-errors': [ '1.3.0' ],
157 silly audit   'es-object-atoms': [ '1.1.1' ],
157 silly audit   'escape-html': [ '1.0.3' ],
157 silly audit   etag: [ '1.8.1' ],
157 silly audit   express: [ '5.2.1' ],
157 silly audit   finalhandler: [ '2.1.1' ],
157 silly audit   forwarded: [ '0.2.0' ],
157 silly audit   fresh: [ '2.0.0' ],
157 silly audit   'function-bind': [ '1.1.2' ],
157 silly audit   'get-intrinsic': [ '1.3.0' ],
157 silly audit   'get-proto': [ '1.0.1' ],
157 silly audit   gopd: [ '1.2.0' ],
157 silly audit   'has-symbols': [ '1.1.0' ],
157 silly audit   hasown: [ '2.0.2' ],
157 silly audit   'http-errors': [ '2.0.1' ],
157 silly audit   'iconv-lite': [ '0.7.1' ],
157 silly audit   inherits: [ '2.0.4' ],
157 silly audit   'ipaddr.js': [ '1.9.1' ],
157 silly audit   'is-promise': [ '4.0.0' ],
157 silly audit   jsonwebtoken: [ '9.0.3' ],
157 silly audit   jwa: [ '2.0.1' ],
157 silly audit   jws: [ '4.0.1' ],
157 silly audit   kareem: [ '3.0.0' ],
157 silly audit   'lodash.includes': [ '4.3.0' ],
157 silly audit   'lodash.isboolean': [ '3.0.3' ],
157 silly audit   'lodash.isinteger': [ '4.0.4' ],
157 silly audit   'lodash.isnumber': [ '3.0.3' ],
157 silly audit   'lodash.isplainobject': [ '4.0.6' ],
157 silly audit   'lodash.isstring': [ '4.0.1' ],
157 silly audit   'lodash.once': [ '4.1.1' ],
157 silly audit   'math-intrinsics': [ '1.1.0' ],
157 silly audit   'media-typer': [ '1.1.0' ],
157 silly audit   'memory-pager': [ '1.5.0' ],
157 silly audit   'merge-descriptors': [ '2.0.0' ],
157 silly audit   'mime-db': [ '1.54.0' ],
157 silly audit   'mime-types': [ '3.0.2' ],
157 silly audit   mongodb: [ '7.0.0' ],
157 silly audit   'mongodb-connection-string-url': [ '7.0.0' ],
157 silly audit   mongoose: [ '9.1.5' ],
157 silly audit   mpath: [ '0.9.0' ],
157 silly audit   mquery: [ '6.0.0' ],
157 silly audit   ms: [ '2.1.3' ],
157 silly audit   negotiator: [ '1.0.0' ],
157 silly audit   'node-addon-api': [ '8.5.0' ],
157 silly audit   'node-gyp-build': [ '4.8.4' ],
157 silly audit   'object-assign': [ '4.1.1' ],
157 silly audit   'object-inspect': [ '1.13.4' ],
157 silly audit   'on-finished': [ '2.4.1' ],
157 silly audit   once: [ '1.4.0' ],
157 silly audit   parseurl: [ '1.3.3' ],
157 silly audit   'path-to-regexp': [ '8.3.0' ],
157 silly audit   'proxy-addr': [ '2.0.7' ],
157 silly audit   punycode: [ '2.3.1' ],
157 silly audit   qs: [ '6.14.1' ],
157 silly audit   'range-parser': [ '1.2.1' ],
157 silly audit   'raw-body': [ '3.0.2' ],
157 silly audit   router: [ '2.2.0' ],
157 silly audit   'safe-buffer': [ '5.2.1' ],
157 silly audit   'safer-buffer': [ '2.1.2' ],
157 silly audit   semver: [ '7.7.3' ],
157 silly audit   send: [ '1.2.1' ],
157 silly audit   'serve-static': [ '2.2.1' ],
157 silly audit   setprototypeof: [ '1.2.0' ],
157 silly audit   'side-channel': [ '1.1.0' ],
157 silly audit   'side-channel-list': [ '1.0.0' ],
157 silly audit   'side-channel-map': [ '1.0.1' ],
157 silly audit   'side-channel-weakmap': [ '1.0.2' ],
157 silly audit   sift: [ '17.1.3' ],
157 silly audit   'sparse-bitfield': [ '3.0.3' ],
157 silly audit   statuses: [ '2.0.2' ],
157 silly audit   toidentifier: [ '1.0.1' ],
157 silly audit   tr46: [ '5.1.1' ],
157 silly audit   'type-is': [ '2.0.1' ],
157 silly audit   unpipe: [ '1.0.0' ],
157 silly audit   vary: [ '1.1.2' ],
157 silly audit   'webidl-conversions': [ '7.0.0' ],
157 silly audit   'whatwg-url': [ '14.2.0' ],
157 silly audit   wrappy: [ '1.0.2' ],
157 silly audit   nodemon: [ '3.1.11' ],
157 silly audit   chokidar: [ '3.6.0' ],
157 silly audit   'ignore-by-default': [ '1.0.1' ],
157 silly audit   minimatch: [ '3.1.2' ],
157 silly audit   'pstree.remy': [ '1.1.8' ],
157 silly audit   'simple-update-notifier': [ '2.0.0' ],
157 silly audit   'supports-color': [ '5.5.0' ],
157 silly audit   touch: [ '3.1.1' ],
157 silly audit   undefsafe: [ '2.0.5' ],
157 silly audit   anymatch: [ '3.1.3' ],
157 silly audit   braces: [ '3.0.3' ],
157 silly audit   fsevents: [ '2.3.3' ],
157 silly audit   'glob-parent': [ '5.1.2' ],
157 silly audit   'is-binary-path': [ '2.1.0' ],
157 silly audit   'is-glob': [ '4.0.3' ],
157 silly audit   'normalize-path': [ '3.0.0' ],
157 silly audit   readdirp: [ '3.6.0' ],
157 silly audit   picomatch: [ '2.3.1' ],
157 silly audit   'fill-range': [ '7.1.1' ],
157 silly audit   'to-regex-range': [ '5.0.1' ],
157 silly audit   'binary-extensions': [ '2.3.0' ],
157 silly audit   'is-extglob': [ '2.1.1' ],
157 silly audit   'brace-expansion': [ '1.1.12' ],
157 silly audit   'balanced-match': [ '1.0.2' ],
157 silly audit   'concat-map': [ '0.0.1' ],
157 silly audit   'has-flag': [ '3.0.0' ],
157 silly audit   'is-number': [ '7.0.0' ]
157 silly audit }
158 http cache is-number@https://registry.npmjs.org/is-number/-/is-number-7.0.0.tgz 0ms (cache hit)
159 http cache has-flag@https://registry.npmjs.org/has-flag/-/has-flag-3.0.0.tgz 0ms (cache hit)
160 http cache balanced-match@https://registry.npmjs.org/balanced-match/-/balanced-match-1.0.2.tgz 0ms (cache hit)
161 http cache concat-map@https://registry.npmjs.org/concat-map/-/concat-map-0.0.1.tgz 0ms (cache hit)
162 http cache brace-expansion@https://registry.npmjs.org/brace-expansion/-/brace-expansion-1.1.12.tgz 0ms (cache hit)
163 http cache is-extglob@https://registry.npmjs.org/is-extglob/-/is-extglob-2.1.1.tgz 0ms (cache hit)
164 http cache binary-extensions@https://registry.npmjs.org/binary-extensions/-/binary-extensions-2.3.0.tgz 0ms (cache hit)
165 http cache to-regex-range@https://registry.npmjs.org/to-regex-range/-/to-regex-range-5.0.1.tgz 0ms (cache hit)
166 http cache fill-range@https://registry.npmjs.org/fill-range/-/fill-range-7.1.1.tgz 0ms (cache hit)
167 http cache picomatch@https://registry.npmjs.org/picomatch/-/picomatch-2.3.1.tgz 0ms (cache hit)
168 http cache readdirp@https://registry.npmjs.org/readdirp/-/readdirp-3.6.0.tgz 0ms (cache hit)
169 http cache normalize-path@https://registry.npmjs.org/normalize-path/-/normalize-path-3.0.0.tgz 0ms (cache hit)
170 http cache is-glob@https://registry.npmjs.org/is-glob/-/is-glob-4.0.3.tgz 0ms (cache hit)
171 http cache is-binary-path@https://registry.npmjs.org/is-binary-path/-/is-binary-path-2.1.0.tgz 0ms (cache hit)
172 http cache glob-parent@https://registry.npmjs.org/glob-parent/-/glob-parent-5.1.2.tgz 0ms (cache hit)
173 http cache braces@https://registry.npmjs.org/braces/-/braces-3.0.3.tgz 0ms (cache hit)
174 http cache anymatch@https://registry.npmjs.org/anymatch/-/anymatch-3.1.3.tgz 0ms (cache hit)
175 http cache undefsafe@https://registry.npmjs.org/undefsafe/-/undefsafe-2.0.5.tgz 0ms (cache hit)
176 http cache touch@https://registry.npmjs.org/touch/-/touch-3.1.1.tgz 0ms (cache hit)
177 http cache supports-color@https://registry.npmjs.org/supports-color/-/supports-color-5.5.0.tgz 0ms (cache hit)
178 http cache simple-update-notifier@https://registry.npmjs.org/simple-update-notifier/-/simple-update-notifier-2.0.0.tgz 0ms (cache hit)
179 http cache pstree.remy@https://registry.npmjs.org/pstree.remy/-/pstree.remy-1.1.8.tgz 0ms (cache hit)
180 http cache minimatch@https://registry.npmjs.org/minimatch/-/minimatch-3.1.2.tgz 0ms (cache hit)
181 http cache ignore-by-default@https://registry.npmjs.org/ignore-by-default/-/ignore-by-default-1.0.1.tgz 0ms (cache hit)
182 http cache chokidar@https://registry.npmjs.org/chokidar/-/chokidar-3.6.0.tgz 0ms (cache hit)
183 http cache nodemon@https://registry.npmjs.org/nodemon/-/nodemon-3.1.11.tgz 0ms (cache hit)
184 silly tarball no local data for has-flag@https://registry.npmjs.org/has-flag/-/has-flag-3.0.0.tgz. Extracting by manifest.
185 silly tarball no local data for balanced-match@https://registry.npmjs.org/balanced-match/-/balanced-match-1.0.2.tgz. Extracting by manifest.
186 silly tarball no local data for concat-map@https://registry.npmjs.org/concat-map/-/concat-map-0.0.1.tgz. Extracting by manifest.
187 silly tarball no local data for brace-expansion@https://registry.npmjs.org/brace-expansion/-/brace-expansion-1.1.12.tgz. Extracting by manifest.
188 silly tarball no local data for undefsafe@https://registry.npmjs.org/undefsafe/-/undefsafe-2.0.5.tgz. Extracting by manifest.
189 silly tarball no local data for touch@https://registry.npmjs.org/touch/-/touch-3.1.1.tgz. Extracting by manifest.
190 silly tarball no local data for supports-color@https://registry.npmjs.org/supports-color/-/supports-color-5.5.0.tgz. Extracting by manifest.
191 silly tarball no local data for simple-update-notifier@https://registry.npmjs.org/simple-update-notifier/-/simple-update-notifier-2.0.0.tgz. Extracting by manifest.
192 silly tarball no local data for pstree.remy@https://registry.npmjs.org/pstree.remy/-/pstree.remy-1.1.8.tgz. Extracting by manifest.
193 silly tarball no local data for minimatch@https://registry.npmjs.org/minimatch/-/minimatch-3.1.2.tgz. Extracting by manifest.
194 silly tarball no local data for ignore-by-default@https://registry.npmjs.org/ignore-by-default/-/ignore-by-default-1.0.1.tgz. Extracting by manifest.
195 silly tarball no local data for nodemon@https://registry.npmjs.org/nodemon/-/nodemon-3.1.11.tgz. Extracting by manifest.
196 http fetch GET 200 https://registry.npmjs.org/has-flag/-/has-flag-3.0.0.tgz 91ms (cache miss)
197 http fetch GET 200 https://registry.npmjs.org/supports-color/-/supports-color-5.5.0.tgz 93ms (cache miss)
198 http fetch GET 200 https://registry.npmjs.org/ignore-by-default/-/ignore-by-default-1.0.1.tgz 123ms (cache miss)
199 http fetch GET 200 https://registry.npmjs.org/brace-expansion/-/brace-expansion-1.1.12.tgz 129ms (cache miss)
200 http fetch GET 200 https://registry.npmjs.org/concat-map/-/concat-map-0.0.1.tgz 131ms (cache miss)
201 http fetch GET 200 https://registry.npmjs.org/balanced-match/-/balanced-match-1.0.2.tgz 134ms (cache miss)
202 http fetch GET 200 https://registry.npmjs.org/touch/-/touch-3.1.1.tgz 133ms (cache miss)
203 http fetch GET 200 https://registry.npmjs.org/undefsafe/-/undefsafe-2.0.5.tgz 135ms (cache miss)
204 http fetch GET 200 https://registry.npmjs.org/minimatch/-/minimatch-3.1.2.tgz 133ms (cache miss)
205 http fetch GET 200 https://registry.npmjs.org/pstree.remy/-/pstree.remy-1.1.8.tgz 138ms (cache miss)
206 http fetch GET 200 https://registry.npmjs.org/simple-update-notifier/-/simple-update-notifier-2.0.0.tgz 139ms (cache miss)
207 http fetch GET 200 https://registry.npmjs.org/nodemon/-/nodemon-3.1.11.tgz 153ms (cache miss)
208 http fetch POST 200 https://registry.npmjs.org/-/npm/v1/security/advisories/bulk 267ms
209 silly audit report {}
210 silly ADD node_modules/is-number
211 silly ADD node_modules/has-flag
212 silly ADD node_modules/concat-map
213 silly ADD node_modules/balanced-match
214 silly ADD node_modules/brace-expansion
215 silly ADD node_modules/is-extglob
216 silly ADD node_modules/binary-extensions
217 silly ADD node_modules/to-regex-range
218 silly ADD node_modules/fill-range
219 silly ADD node_modules/picomatch
220 silly ADD node_modules/readdirp
221 silly ADD node_modules/normalize-path
222 silly ADD node_modules/is-glob
223 silly ADD node_modules/is-binary-path
224 silly ADD node_modules/glob-parent
225 silly ADD node_modules/braces
226 silly ADD node_modules/anymatch
227 silly ADD node_modules/undefsafe
228 silly ADD node_modules/touch
229 silly ADD node_modules/supports-color
230 silly ADD node_modules/simple-update-notifier
231 silly ADD node_modules/pstree.remy
232 silly ADD node_modules/minimatch
233 silly ADD node_modules/ignore-by-default
234 silly ADD node_modules/chokidar
235 silly ADD node_modules/nodemon
236 verbose cwd /home/ec2-user/AXO-Project
237 verbose os Linux 6.1.158-180.294.amzn2023.x86_64
238 verbose node v24.12.0
239 verbose npm  v11.6.2
240 verbose exit 0
241 info ok
