0 verbose cli /usr/bin/node /usr/bin/npm
1 info using npm@11.6.2
2 info using node@v24.12.0
3 silly config load:file:/usr/lib/node_modules/npm/npmrc
4 silly config load:file:/home/ec2-user/AXO-Project/.npmrc
5 silly config load:file:/home/ec2-user/.npmrc
6 silly config load:file:/home/ec2-user/.npm-global/etc/npmrc
7 verbose title npm install pg
8 verbose argv "install" "pg"
9 verbose logfile logs-max:10 dir:/home/ec2-user/.npm/_logs/2026-01-27T16_03_29_955Z-
10 verbose logfile /home/ec2-user/.npm/_logs/2026-01-27T16_03_29_955Z-debug-0.log
11 silly logfile start cleaning logs, removing 1 files
12 silly logfile done cleaning log files
13 silly packumentCache heap:2254700544 maxSize:563675136 maxEntrySize:281837568
14 silly idealTree buildDeps
15 silly fetch manifest pg@*
16 silly packumentCache full:https://registry.npmjs.org/pg cache-miss
17 http fetch GET 200 https://registry.npmjs.org/pg 116ms (cache miss)
18 silly packumentCache full:https://registry.npmjs.org/pg set size:undefined disposed:false
19 silly fetch manifest pg-native@>=3.0.1
20 silly packumentCache full:https://registry.npmjs.org/pg-native cache-miss
21 http fetch GET 200 https://registry.npmjs.org/pg-native 31ms (cache miss)
22 silly packumentCache full:https://registry.npmjs.org/pg-native set size:undefined disposed:false
23 silly placeDep ROOT pg@8.17.2 OK for: axo-project@1.0.0 want: *
24 silly fetch manifest pg-connection-string@^2.10.1
25 silly packumentCache full:https://registry.npmjs.org/pg-connection-string cache-miss
26 http fetch GET 200 https://registry.npmjs.org/pg-connection-string 30ms (cache miss)
27 silly packumentCache full:https://registry.npmjs.org/pg-connection-string set size:undefined disposed:false
28 silly fetch manifest pg-pool@^3.11.0
29 silly packumentCache full:https://registry.npmjs.org/pg-pool cache-miss
30 http fetch GET 200 https://registry.npmjs.org/pg-pool 35ms (cache miss)
31 silly packumentCache full:https://registry.npmjs.org/pg-pool set size:undefined disposed:false
32 silly fetch manifest pg-protocol@^1.11.0
33 silly packumentCache full:https://registry.npmjs.org/pg-protocol cache-miss
34 http fetch GET 200 https://registry.npmjs.org/pg-protocol 45ms (cache miss)
35 silly packumentCache full:https://registry.npmjs.org/pg-protocol set size:undefined disposed:false
36 silly fetch manifest pg-types@2.2.0
37 silly packumentCache full:https://registry.npmjs.org/pg-types cache-miss
38 http fetch GET 200 https://registry.npmjs.org/pg-types 31ms (cache miss)
39 silly packumentCache full:https://registry.npmjs.org/pg-types set size:undefined disposed:false
40 silly fetch manifest pgpass@1.0.5
41 silly packumentCache full:https://registry.npmjs.org/pgpass cache-miss
42 http fetch GET 200 https://registry.npmjs.org/pgpass 35ms (cache miss)
43 silly packumentCache full:https://registry.npmjs.org/pgpass set size:undefined disposed:false
44 silly fetch manifest pg-cloudflare@^1.3.0
45 silly packumentCache full:https://registry.npmjs.org/pg-cloudflare cache-miss
46 http fetch GET 200 https://registry.npmjs.org/pg-cloudflare 30ms (cache miss)
47 silly packumentCache full:https://registry.npmjs.org/pg-cloudflare set size:undefined disposed:false
48 silly fetch manifest pg@>=8.0
49 silly packumentCache full:https://registry.npmjs.org/pg cache-miss
50 http cache https://registry.npmjs.org/pg 8ms (cache hit)
51 silly packumentCache full:https://registry.npmjs.org/pg set size:468487 disposed:false
52 silly placeDep ROOT pg-cloudflare@1.3.0 OK for: pg@8.17.2 want: ^1.3.0
53 silly placeDep ROOT pg-connection-string@2.10.1 OK for: pg@8.17.2 want: ^2.10.1
54 silly placeDep ROOT pg-pool@3.11.0 OK for: pg@8.17.2 want: ^3.11.0
55 silly placeDep ROOT pg-protocol@1.11.0 OK for: pg@8.17.2 want: ^1.11.0
56 silly placeDep ROOT pg-types@2.2.0 OK for: pg@8.17.2 want: 2.2.0
57 silly placeDep ROOT pgpass@1.0.5 OK for: pg@8.17.2 want: 1.0.5
58 silly fetch manifest pg-int8@1.0.1
59 silly packumentCache full:https://registry.npmjs.org/pg-int8 cache-miss
60 http fetch GET 200 https://registry.npmjs.org/pg-int8 28ms (cache miss)
61 silly packumentCache full:https://registry.npmjs.org/pg-int8 set size:undefined disposed:false
62 silly fetch manifest postgres-date@~1.0.4
63 silly packumentCache full:https://registry.npmjs.org/postgres-date cache-miss
64 http fetch GET 200 https://registry.npmjs.org/postgres-date 48ms (cache miss)
65 silly packumentCache full:https://registry.npmjs.org/postgres-date set size:undefined disposed:false
66 silly fetch manifest postgres-array@~2.0.0
67 silly packumentCache full:https://registry.npmjs.org/postgres-array cache-miss
68 http fetch GET 200 https://registry.npmjs.org/postgres-array 34ms (cache miss)
69 silly packumentCache full:https://registry.npmjs.org/postgres-array set size:undefined disposed:false
70 silly fetch manifest postgres-bytea@~1.0.0
71 silly packumentCache full:https://registry.npmjs.org/postgres-bytea cache-miss
72 http fetch GET 200 https://registry.npmjs.org/postgres-bytea 31ms (cache miss)
73 silly packumentCache full:https://registry.npmjs.org/postgres-bytea set size:undefined disposed:false
74 silly fetch manifest postgres-interval@^1.1.0
75 silly packumentCache full:https://registry.npmjs.org/postgres-interval cache-miss
76 http fetch GET 200 https://registry.npmjs.org/postgres-interval 32ms (cache miss)
77 silly packumentCache full:https://registry.npmjs.org/postgres-interval set size:undefined disposed:false
78 silly fetch manifest split2@^4.1.0
79 silly packumentCache full:https://registry.npmjs.org/split2 cache-miss
80 http fetch GET 200 https://registry.npmjs.org/split2 35ms (cache miss)
81 silly packumentCache full:https://registry.npmjs.org/split2 set size:undefined disposed:false
82 silly placeDep ROOT pg-int8@1.0.1 OK for: pg-types@2.2.0 want: 1.0.1
83 silly placeDep ROOT postgres-array@2.0.0 OK for: pg-types@2.2.0 want: ~2.0.0
84 silly placeDep ROOT postgres-bytea@1.0.1 OK for: pg-types@2.2.0 want: ~1.0.0
85 silly placeDep ROOT postgres-date@1.0.7 OK for: pg-types@2.2.0 want: ~1.0.4
86 silly placeDep ROOT postgres-interval@1.2.0 OK for: pg-types@2.2.0 want: ^1.1.0
87 silly fetch manifest xtend@^4.0.0
88 silly packumentCache full:https://registry.npmjs.org/xtend cache-miss
89 http fetch GET 200 https://registry.npmjs.org/xtend 32ms (cache miss)
90 silly packumentCache full:https://registry.npmjs.org/xtend set size:undefined disposed:false
91 silly placeDep ROOT split2@4.2.0 OK for: pgpass@1.0.5 want: ^4.1.0
92 silly placeDep ROOT xtend@4.0.2 OK for: postgres-interval@1.2.0 want: ^4.0.0
93 silly reify moves {}
94 silly audit bulk request {
94 silly audit   '@mongodb-js/saslprep': [ '1.4.4' ],
94 silly audit   '@types/webidl-conversions': [ '7.0.3' ],
94 silly audit   '@types/whatwg-url': [ '13.0.0' ],
94 silly audit   accepts: [ '2.0.0' ],
94 silly audit   anymatch: [ '3.1.3' ],
94 silly audit   'balanced-match': [ '1.0.2' ],
94 silly audit   bcrypt: [ '6.0.0' ],
94 silly audit   bcryptjs: [ '3.0.3' ],
94 silly audit   'binary-extensions': [ '2.3.0' ],
94 silly audit   'body-parser': [ '2.2.1' ],
94 silly audit   'brace-expansion': [ '1.1.12' ],
94 silly audit   braces: [ '3.0.3' ],
94 silly audit   bson: [ '7.0.0' ],
94 silly audit   'buffer-equal-constant-time': [ '1.0.1' ],
94 silly audit   bytes: [ '3.1.2' ],
94 silly audit   'call-bind-apply-helpers': [ '1.0.2' ],
94 silly audit   'call-bound': [ '1.0.4' ],
94 silly audit   chokidar: [ '3.6.0' ],
94 silly audit   'concat-map': [ '0.0.1' ],
94 silly audit   'content-disposition': [ '1.0.1' ],
94 silly audit   'content-type': [ '1.0.5' ],
94 silly audit   cookie: [ '0.7.2' ],
94 silly audit   'cookie-parser': [ '1.4.7' ],
94 silly audit   'cookie-signature': [ '1.0.6', '1.2.2' ],
94 silly audit   cors: [ '2.8.6' ],
94 silly audit   debug: [ '4.4.3' ],
94 silly audit   depd: [ '2.0.0' ],
94 silly audit   dotenv: [ '17.2.3' ],
94 silly audit   'dunder-proto': [ '1.0.1' ],
94 silly audit   'ecdsa-sig-formatter': [ '1.0.11' ],
94 silly audit   'ee-first': [ '1.1.1' ],
94 silly audit   encodeurl: [ '2.0.0' ],
94 silly audit   'es-define-property': [ '1.0.1' ],
94 silly audit   'es-errors': [ '1.3.0' ],
94 silly audit   'es-object-atoms': [ '1.1.1' ],
94 silly audit   'escape-html': [ '1.0.3' ],
94 silly audit   etag: [ '1.8.1' ],
94 silly audit   express: [ '5.2.1' ],
94 silly audit   'fill-range': [ '7.1.1' ],
94 silly audit   finalhandler: [ '2.1.1' ],
94 silly audit   forwarded: [ '0.2.0' ],
94 silly audit   fresh: [ '2.0.0' ],
94 silly audit   fsevents: [ '2.3.3' ],
94 silly audit   'function-bind': [ '1.1.2' ],
94 silly audit   'get-intrinsic': [ '1.3.0' ],
94 silly audit   'get-proto': [ '1.0.1' ],
94 silly audit   'glob-parent': [ '5.1.2' ],
94 silly audit   gopd: [ '1.2.0' ],
94 silly audit   'has-flag': [ '3.0.0' ],
94 silly audit   'has-symbols': [ '1.1.0' ],
94 silly audit   hasown: [ '2.0.2' ],
94 silly audit   'http-errors': [ '2.0.1' ],
94 silly audit   'iconv-lite': [ '0.7.1' ],
94 silly audit   'ignore-by-default': [ '1.0.1' ],
94 silly audit   inherits: [ '2.0.4' ],
94 silly audit   'ipaddr.js': [ '1.9.1' ],
94 silly audit   'is-binary-path': [ '2.1.0' ],
94 silly audit   'is-extglob': [ '2.1.1' ],
94 silly audit   'is-glob': [ '4.0.3' ],
94 silly audit   'is-number': [ '7.0.0' ],
94 silly audit   'is-promise': [ '4.0.0' ],
94 silly audit   jsonwebtoken: [ '9.0.3' ],
94 silly audit   jwa: [ '2.0.1' ],
94 silly audit   jws: [ '4.0.1' ],
94 silly audit   kareem: [ '3.0.0' ],
94 silly audit   'lodash.includes': [ '4.3.0' ],
94 silly audit   'lodash.isboolean': [ '3.0.3' ],
94 silly audit   'lodash.isinteger': [ '4.0.4' ],
94 silly audit   'lodash.isnumber': [ '3.0.3' ],
94 silly audit   'lodash.isplainobject': [ '4.0.6' ],
94 silly audit   'lodash.isstring': [ '4.0.1' ],
94 silly audit   'lodash.once': [ '4.1.1' ],
94 silly audit   'math-intrinsics': [ '1.1.0' ],
94 silly audit   'media-typer': [ '1.1.0' ],
94 silly audit   'memory-pager': [ '1.5.0' ],
94 silly audit   'merge-descriptors': [ '2.0.0' ],
94 silly audit   'mime-db': [ '1.54.0' ],
94 silly audit   'mime-types': [ '3.0.2' ],
94 silly audit   minimatch: [ '3.1.2' ],
94 silly audit   mongodb: [ '7.0.0' ],
94 silly audit   'mongodb-connection-string-url': [ '7.0.0' ],
94 silly audit   mongoose: [ '9.1.5' ],
94 silly audit   mpath: [ '0.9.0' ],
94 silly audit   mquery: [ '6.0.0' ],
94 silly audit   ms: [ '2.1.3' ],
94 silly audit   negotiator: [ '1.0.0' ],
94 silly audit   'node-addon-api': [ '8.5.0' ],
94 silly audit   'node-gyp-build': [ '4.8.4' ],
94 silly audit   nodemon: [ '3.1.11' ],
94 silly audit   'normalize-path': [ '3.0.0' ],
94 silly audit   'object-assign': [ '4.1.1' ],
94 silly audit   'object-inspect': [ '1.13.4' ],
94 silly audit   'on-finished': [ '2.4.1' ],
94 silly audit   once: [ '1.4.0' ],
94 silly audit   parseurl: [ '1.3.3' ],
94 silly audit   'path-to-regexp': [ '8.3.0' ],
94 silly audit   picomatch: [ '2.3.1' ],
94 silly audit   'proxy-addr': [ '2.0.7' ],
94 silly audit   'pstree.remy': [ '1.1.8' ],
94 silly audit   punycode: [ '2.3.1' ],
94 silly audit   qs: [ '6.14.1' ],
94 silly audit   'range-parser': [ '1.2.1' ],
94 silly audit   'raw-body': [ '3.0.2' ],
94 silly audit   readdirp: [ '3.6.0' ],
94 silly audit   router: [ '2.2.0' ],
94 silly audit   'safe-buffer': [ '5.2.1' ],
94 silly audit   'safer-buffer': [ '2.1.2' ],
94 silly audit   semver: [ '7.7.3' ],
94 silly audit   send: [ '1.2.1' ],
94 silly audit   'serve-static': [ '2.2.1' ],
94 silly audit   setprototypeof: [ '1.2.0' ],
94 silly audit   'side-channel': [ '1.1.0' ],
94 silly audit   'side-channel-list': [ '1.0.0' ],
94 silly audit   'side-channel-map': [ '1.0.1' ],
94 silly audit   'side-channel-weakmap': [ '1.0.2' ],
94 silly audit   sift: [ '17.1.3' ],
94 silly audit   'simple-update-notifier': [ '2.0.0' ],
94 silly audit   'sparse-bitfield': [ '3.0.3' ],
94 silly audit   statuses: [ '2.0.2' ],
94 silly audit   'supports-color': [ '5.5.0' ],
94 silly audit   'to-regex-range': [ '5.0.1' ],
94 silly audit   toidentifier: [ '1.0.1' ],
94 silly audit   touch: [ '3.1.1' ],
94 silly audit   tr46: [ '5.1.1' ],
94 silly audit   'type-is': [ '2.0.1' ],
94 silly audit   undefsafe: [ '2.0.5' ],
94 silly audit   unpipe: [ '1.0.0' ],
94 silly audit   vary: [ '1.1.2' ],
94 silly audit   'webidl-conversions': [ '7.0.0' ],
94 silly audit   'whatwg-url': [ '14.2.0' ],
94 silly audit   wrappy: [ '1.0.2' ],
94 silly audit   pg: [ '8.17.2' ],
94 silly audit   'pg-cloudflare': [ '1.3.0' ],
94 silly audit   'pg-connection-string': [ '2.10.1' ],
94 silly audit   'pg-pool': [ '3.11.0' ],
94 silly audit   'pg-protocol': [ '1.11.0' ],
94 silly audit   'pg-types': [ '2.2.0' ],
94 silly audit   pgpass: [ '1.0.5' ],
94 silly audit   'pg-int8': [ '1.0.1' ],
94 silly audit   'postgres-array': [ '2.0.0' ],
94 silly audit   'postgres-bytea': [ '1.0.1' ],
94 silly audit   'postgres-date': [ '1.0.7' ],
94 silly audit   'postgres-interval': [ '1.2.0' ],
94 silly audit   split2: [ '4.2.0' ],
94 silly audit   xtend: [ '4.0.2' ]
94 silly audit }
95 http cache xtend@https://registry.npmjs.org/xtend/-/xtend-4.0.2.tgz 0ms (cache hit)
96 http cache split2@https://registry.npmjs.org/split2/-/split2-4.2.0.tgz 0ms (cache hit)
97 http cache postgres-interval@https://registry.npmjs.org/postgres-interval/-/postgres-interval-1.2.0.tgz 0ms (cache hit)
98 http cache postgres-date@https://registry.npmjs.org/postgres-date/-/postgres-date-1.0.7.tgz 0ms (cache hit)
99 http cache postgres-bytea@https://registry.npmjs.org/postgres-bytea/-/postgres-bytea-1.0.1.tgz 0ms (cache hit)
100 http cache postgres-array@https://registry.npmjs.org/postgres-array/-/postgres-array-2.0.0.tgz 0ms (cache hit)
101 http cache pg-int8@https://registry.npmjs.org/pg-int8/-/pg-int8-1.0.1.tgz 0ms (cache hit)
102 http cache pgpass@https://registry.npmjs.org/pgpass/-/pgpass-1.0.5.tgz 0ms (cache hit)
103 http cache pg-types@https://registry.npmjs.org/pg-types/-/pg-types-2.2.0.tgz 0ms (cache hit)
104 http cache pg-protocol@https://registry.npmjs.org/pg-protocol/-/pg-protocol-1.11.0.tgz 0ms (cache hit)
105 http cache pg-pool@https://registry.npmjs.org/pg-pool/-/pg-pool-3.11.0.tgz 1ms (cache hit)
106 http cache pg-connection-string@https://registry.npmjs.org/pg-connection-string/-/pg-connection-string-2.10.1.tgz 0ms (cache hit)
107 http cache pg-cloudflare@https://registry.npmjs.org/pg-cloudflare/-/pg-cloudflare-1.3.0.tgz 0ms (cache hit)
108 http cache pg@https://registry.npmjs.org/pg/-/pg-8.17.2.tgz 0ms (cache hit)
109 silly tarball no local data for xtend@https://registry.npmjs.org/xtend/-/xtend-4.0.2.tgz. Extracting by manifest.
110 silly tarball no local data for split2@https://registry.npmjs.org/split2/-/split2-4.2.0.tgz. Extracting by manifest.
111 silly tarball no local data for postgres-interval@https://registry.npmjs.org/postgres-interval/-/postgres-interval-1.2.0.tgz. Extracting by manifest.
112 silly tarball no local data for postgres-date@https://registry.npmjs.org/postgres-date/-/postgres-date-1.0.7.tgz. Extracting by manifest.
113 silly tarball no local data for postgres-bytea@https://registry.npmjs.org/postgres-bytea/-/postgres-bytea-1.0.1.tgz. Extracting by manifest.
114 silly tarball no local data for postgres-array@https://registry.npmjs.org/postgres-array/-/postgres-array-2.0.0.tgz. Extracting by manifest.
115 silly tarball no local data for pg-int8@https://registry.npmjs.org/pg-int8/-/pg-int8-1.0.1.tgz. Extracting by manifest.
116 silly tarball no local data for pgpass@https://registry.npmjs.org/pgpass/-/pgpass-1.0.5.tgz. Extracting by manifest.
117 silly tarball no local data for pg-types@https://registry.npmjs.org/pg-types/-/pg-types-2.2.0.tgz. Extracting by manifest.
118 silly tarball no local data for pg-protocol@https://registry.npmjs.org/pg-protocol/-/pg-protocol-1.11.0.tgz. Extracting by manifest.
119 silly tarball no local data for pg-pool@https://registry.npmjs.org/pg-pool/-/pg-pool-3.11.0.tgz. Extracting by manifest.
120 silly tarball no local data for pg-connection-string@https://registry.npmjs.org/pg-connection-string/-/pg-connection-string-2.10.1.tgz. Extracting by manifest.
121 silly tarball no local data for pg-cloudflare@https://registry.npmjs.org/pg-cloudflare/-/pg-cloudflare-1.3.0.tgz. Extracting by manifest.
122 silly tarball no local data for pg@https://registry.npmjs.org/pg/-/pg-8.17.2.tgz. Extracting by manifest.
123 http fetch GET 200 https://registry.npmjs.org/xtend/-/xtend-4.0.2.tgz 141ms (cache miss)
124 http fetch GET 200 https://registry.npmjs.org/postgres-interval/-/postgres-interval-1.2.0.tgz 141ms (cache miss)
125 http fetch GET 200 https://registry.npmjs.org/postgres-bytea/-/postgres-bytea-1.0.1.tgz 142ms (cache miss)
126 http fetch GET 200 https://registry.npmjs.org/postgres-array/-/postgres-array-2.0.0.tgz 141ms (cache miss)
127 http fetch GET 200 https://registry.npmjs.org/pg-int8/-/pg-int8-1.0.1.tgz 142ms (cache miss)
128 http fetch GET 200 https://registry.npmjs.org/postgres-date/-/postgres-date-1.0.7.tgz 146ms (cache miss)
129 http fetch GET 200 https://registry.npmjs.org/pg-connection-string/-/pg-connection-string-2.10.1.tgz 143ms (cache miss)
130 http fetch GET 200 https://registry.npmjs.org/pgpass/-/pgpass-1.0.5.tgz 145ms (cache miss)
131 http fetch GET 200 https://registry.npmjs.org/split2/-/split2-4.2.0.tgz 149ms (cache miss)
132 http fetch GET 200 https://registry.npmjs.org/pg-pool/-/pg-pool-3.11.0.tgz 148ms (cache miss)
133 http fetch GET 200 https://registry.npmjs.org/pg-cloudflare/-/pg-cloudflare-1.3.0.tgz 152ms (cache miss)
134 http fetch GET 200 https://registry.npmjs.org/pg-types/-/pg-types-2.2.0.tgz 157ms (cache miss)
135 http fetch GET 200 https://registry.npmjs.org/pg/-/pg-8.17.2.tgz 165ms (cache miss)
136 http fetch GET 200 https://registry.npmjs.org/pg-protocol/-/pg-protocol-1.11.0.tgz 179ms (cache miss)
137 http fetch POST 200 https://registry.npmjs.org/-/npm/v1/security/advisories/bulk 320ms
138 silly audit report {}
139 silly ADD node_modules/xtend
140 silly ADD node_modules/split2
141 silly ADD node_modules/postgres-interval
142 silly ADD node_modules/postgres-date
143 silly ADD node_modules/postgres-bytea
144 silly ADD node_modules/postgres-array
145 silly ADD node_modules/pg-int8
146 silly ADD node_modules/pgpass
147 silly ADD node_modules/pg-types
148 silly ADD node_modules/pg-protocol
149 silly ADD node_modules/pg-pool
150 silly ADD node_modules/pg-connection-string
151 silly ADD node_modules/pg-cloudflare
152 silly ADD node_modules/pg
153 verbose cwd /home/ec2-user/AXO-Project
154 verbose os Linux 6.1.158-180.294.amzn2023.x86_64
155 verbose node v24.12.0
156 verbose npm  v11.6.2
157 verbose exit 0
158 info ok
