0 verbose cli /usr/bin/node /usr/bin/npm
1 info using npm@11.6.2
2 info using node@v24.12.0
3 silly config load:file:/usr/lib/node_modules/npm/npmrc
4 silly config load:file:/home/ec2-user/AXO-Project/.npmrc
5 silly config load:file:/home/ec2-user/.npmrc
6 silly config load:file:/home/ec2-user/.npm-global/etc/npmrc
7 verbose title npm install express mongoose bcryptjs jsonwebtoken cookie-parser
8 verbose argv "install" "express" "mongoose" "bcryptjs" "jsonwebtoken" "cookie-parser"
9 verbose logfile logs-max:10 dir:/home/ec2-user/.npm/_logs/2026-01-03T05_17_32_691Z-
10 verbose logfile /home/ec2-user/.npm/_logs/2026-01-03T05_17_32_691Z-debug-0.log
11 silly logfile done cleaning log files
12 silly packumentCache heap:2254700544 maxSize:563675136 maxEntrySize:281837568
13 silly idealTree buildDeps
14 silly fetch manifest bcryptjs@^3.0.3
15 silly packumentCache full:https://registry.npmjs.org/bcryptjs cache-miss
16 http cache https://registry.npmjs.org/bcryptjs 39ms (cache hit)
17 silly packumentCache full:https://registry.npmjs.org/bcryptjs set size:80409 disposed:false
18 silly fetch manifest cookie-parser@^1.4.7
19 silly packumentCache full:https://registry.npmjs.org/cookie-parser cache-miss
20 http cache https://registry.npmjs.org/cookie-parser 3ms (cache hit)
21 silly packumentCache full:https://registry.npmjs.org/cookie-parser set size:44731 disposed:false
22 silly fetch manifest express@^5.2.1
23 silly packumentCache full:https://registry.npmjs.org/express cache-miss
24 http fetch GET 200 https://registry.npmjs.org/express 87ms (cache miss)
25 silly packumentCache full:https://registry.npmjs.org/express set size:undefined disposed:false
26 silly fetch manifest jsonwebtoken@^9.0.3
27 silly packumentCache full:https://registry.npmjs.org/jsonwebtoken cache-miss
28 http cache https://registry.npmjs.org/jsonwebtoken 5ms (cache hit)
29 silly packumentCache full:https://registry.npmjs.org/jsonwebtoken set size:183606 disposed:false
30 silly fetch manifest mongoose@^9.1.1
31 silly packumentCache full:https://registry.npmjs.org/mongoose cache-miss
32 http cache https://registry.npmjs.org/mongoose 14ms (cache hit)
33 silly packumentCache full:https://registry.npmjs.org/mongoose set size:3960633 disposed:false
34 silly placeDep ROOT bcryptjs@3.0.3 REPLACE for: axo-project@1.0.0 want: ^3.0.3
35 silly placeDep ROOT cookie-parser@1.4.7 REPLACE for: axo-project@1.0.0 want: ^1.4.7
36 silly placeDep ROOT express@5.2.1 REPLACE for: axo-project@1.0.0 want: ^5.2.1
37 silly placeDep ROOT jsonwebtoken@9.0.3 REPLACE for: axo-project@1.0.0 want: ^9.0.3
38 silly placeDep ROOT mongoose@9.1.1 REPLACE for: axo-project@1.0.0 want: ^9.1.1
39 silly reify moves {}
40 silly audit bulk request {
40 silly audit   '@mongodb-js/saslprep': [ '1.4.4' ],
40 silly audit   '@types/webidl-conversions': [ '7.0.3' ],
40 silly audit   '@types/whatwg-url': [ '13.0.0' ],
40 silly audit   accepts: [ '2.0.0' ],
40 silly audit   'body-parser': [ '2.2.1' ],
40 silly audit   bson: [ '7.0.0' ],
40 silly audit   'buffer-equal-constant-time': [ '1.0.1' ],
40 silly audit   bytes: [ '3.1.2' ],
40 silly audit   'call-bind-apply-helpers': [ '1.0.2' ],
40 silly audit   'call-bound': [ '1.0.4' ],
40 silly audit   'content-disposition': [ '1.0.1' ],
40 silly audit   'content-type': [ '1.0.5' ],
40 silly audit   cookie: [ '0.7.2' ],
40 silly audit   'cookie-signature': [ '1.2.2', '1.0.6' ],
40 silly audit   cors: [ '2.8.5' ],
40 silly audit   debug: [ '4.4.3' ],
40 silly audit   depd: [ '2.0.0' ],
40 silly audit   'dunder-proto': [ '1.0.1' ],
40 silly audit   'ecdsa-sig-formatter': [ '1.0.11' ],
40 silly audit   'ee-first': [ '1.1.1' ],
40 silly audit   encodeurl: [ '2.0.0' ],
40 silly audit   'es-define-property': [ '1.0.1' ],
40 silly audit   'es-errors': [ '1.3.0' ],
40 silly audit   'es-object-atoms': [ '1.1.1' ],
40 silly audit   'escape-html': [ '1.0.3' ],
40 silly audit   etag: [ '1.8.1' ],
40 silly audit   finalhandler: [ '2.1.1' ],
40 silly audit   forwarded: [ '0.2.0' ],
40 silly audit   fresh: [ '2.0.0' ],
40 silly audit   'function-bind': [ '1.1.2' ],
40 silly audit   'get-intrinsic': [ '1.3.0' ],
40 silly audit   'get-proto': [ '1.0.1' ],
40 silly audit   gopd: [ '1.2.0' ],
40 silly audit   'has-symbols': [ '1.1.0' ],
40 silly audit   hasown: [ '2.0.2' ],
40 silly audit   'http-errors': [ '2.0.1' ],
40 silly audit   'iconv-lite': [ '0.7.1' ],
40 silly audit   inherits: [ '2.0.4' ],
40 silly audit   'ipaddr.js': [ '1.9.1' ],
40 silly audit   'is-promise': [ '4.0.0' ],
40 silly audit   jwa: [ '2.0.1' ],
40 silly audit   jws: [ '4.0.1' ],
40 silly audit   kareem: [ '3.0.0' ],
40 silly audit   'lodash.includes': [ '4.3.0' ],
40 silly audit   'lodash.isboolean': [ '3.0.3' ],
40 silly audit   'lodash.isinteger': [ '4.0.4' ],
40 silly audit   'lodash.isnumber': [ '3.0.3' ],
40 silly audit   'lodash.isplainobject': [ '4.0.6' ],
40 silly audit   'lodash.isstring': [ '4.0.1' ],
40 silly audit   'lodash.once': [ '4.1.1' ],
40 silly audit   'math-intrinsics': [ '1.1.0' ],
40 silly audit   'media-typer': [ '1.1.0' ],
40 silly audit   'memory-pager': [ '1.5.0' ],
40 silly audit   'merge-descriptors': [ '2.0.0' ],
40 silly audit   'mime-db': [ '1.54.0' ],
40 silly audit   'mime-types': [ '3.0.2' ],
40 silly audit   mongodb: [ '7.0.0' ],
40 silly audit   'mongodb-connection-string-url': [ '7.0.0' ],
40 silly audit   mpath: [ '0.9.0' ],
40 silly audit   mquery: [ '6.0.0' ],
40 silly audit   ms: [ '2.1.3' ],
40 silly audit   negotiator: [ '1.0.0' ],
40 silly audit   'object-assign': [ '4.1.1' ],
40 silly audit   'object-inspect': [ '1.13.4' ],
40 silly audit   'on-finished': [ '2.4.1' ],
40 silly audit   once: [ '1.4.0' ],
40 silly audit   parseurl: [ '1.3.3' ],
40 silly audit   'path-to-regexp': [ '8.3.0' ],
40 silly audit   'proxy-addr': [ '2.0.7' ],
40 silly audit   punycode: [ '2.3.1' ],
40 silly audit   qs: [ '6.14.1' ],
40 silly audit   'range-parser': [ '1.2.1' ],
40 silly audit   'raw-body': [ '3.0.2' ],
40 silly audit   router: [ '2.2.0' ],
40 silly audit   'safe-buffer': [ '5.2.1' ],
40 silly audit   'safer-buffer': [ '2.1.2' ],
40 silly audit   semver: [ '7.7.3' ],
40 silly audit   send: [ '1.2.1' ],
40 silly audit   'serve-static': [ '2.2.1' ],
40 silly audit   setprototypeof: [ '1.2.0' ],
40 silly audit   'side-channel': [ '1.1.0' ],
40 silly audit   'side-channel-list': [ '1.0.0' ],
40 silly audit   'side-channel-map': [ '1.0.1' ],
40 silly audit   'side-channel-weakmap': [ '1.0.2' ],
40 silly audit   sift: [ '17.1.3' ],
40 silly audit   'sparse-bitfield': [ '3.0.3' ],
40 silly audit   statuses: [ '2.0.2' ],
40 silly audit   toidentifier: [ '1.0.1' ],
40 silly audit   tr46: [ '5.1.1' ],
40 silly audit   'type-is': [ '2.0.1' ],
40 silly audit   unpipe: [ '1.0.0' ],
40 silly audit   vary: [ '1.1.2' ],
40 silly audit   'webidl-conversions': [ '7.0.0' ],
40 silly audit   'whatwg-url': [ '14.2.0' ],
40 silly audit   wrappy: [ '1.0.2' ],
40 silly audit   bcryptjs: [ '3.0.3' ],
40 silly audit   'cookie-parser': [ '1.4.7' ],
40 silly audit   express: [ '5.2.1' ],
40 silly audit   jsonwebtoken: [ '9.0.3' ],
40 silly audit   mongoose: [ '9.1.1' ]
40 silly audit }
41 http fetch POST 200 https://registry.npmjs.org/-/npm/v1/security/advisories/bulk 269ms
42 silly audit report {}
43 verbose cwd /home/ec2-user/AXO-Project
44 verbose os Linux 6.1.158-180.294.amzn2023.x86_64
45 verbose node v24.12.0
46 verbose npm  v11.6.2
47 verbose exit 0
48 info ok
