0 verbose cli /usr/bin/node /usr/bin/npm
1 info using npm@11.6.2
2 info using node@v24.12.0
3 silly config load:file:/usr/lib/node_modules/npm/npmrc
4 silly config load:file:/home/ec2-user/AXO-Project/.npmrc
5 silly config load:file:/home/ec2-user/.npmrc
6 silly config load:file:/home/ec2-user/.npm-global/etc/npmrc
7 verbose title npm uninstall mysql2
8 verbose argv "uninstall" "mysql2"
9 verbose logfile logs-max:10 dir:/home/ec2-user/.npm/_logs/2026-01-03T05_16_15_862Z-
10 verbose logfile /home/ec2-user/.npm/_logs/2026-01-03T05_16_15_862Z-debug-0.log
11 silly logfile done cleaning log files
12 silly packumentCache heap:2254700544 maxSize:563675136 maxEntrySize:281837568
13 silly idealTree buildDeps
14 silly reify mark retired [ '/home/ec2-user/AXO-Project/node_modules/aws-ssl-profiles' ]
15 silly reify mark retired [ '/home/ec2-user/AXO-Project/node_modules/denque' ]
16 silly reify mark retired [ '/home/ec2-user/AXO-Project/node_modules/generate-function' ]
17 silly reify mark retired [ '/home/ec2-user/AXO-Project/node_modules/is-property' ]
18 silly reify mark retired [ '/home/ec2-user/AXO-Project/node_modules/long' ]
19 silly reify mark retired [ '/home/ec2-user/AXO-Project/node_modules/lru.min' ]
20 silly reify mark retired [ '/home/ec2-user/AXO-Project/node_modules/mysql2' ]
21 silly reify mark retired [ '/home/ec2-user/AXO-Project/node_modules/named-placeholders' ]
22 silly reify mark retired [ '/home/ec2-user/AXO-Project/node_modules/seq-queue' ]
23 silly reify mark retired [ '/home/ec2-user/AXO-Project/node_modules/sqlstring' ]
24 silly reify moves {
24 silly reify   '/home/ec2-user/AXO-Project/node_modules/aws-ssl-profiles': '/home/ec2-user/AXO-Project/node_modules/.aws-ssl-profiles-h2qbcAYU',
24 silly reify   '/home/ec2-user/AXO-Project/node_modules/denque': '/home/ec2-user/AXO-Project/node_modules/.denque-bBvo6HfD',
24 silly reify   '/home/ec2-user/AXO-Project/node_modules/generate-function': '/home/ec2-user/AXO-Project/node_modules/.generate-function-4kBzNaRC',
24 silly reify   '/home/ec2-user/AXO-Project/node_modules/is-property': '/home/ec2-user/AXO-Project/node_modules/.is-property-hXCWPl8C',
24 silly reify   '/home/ec2-user/AXO-Project/node_modules/long': '/home/ec2-user/AXO-Project/node_modules/.long-6con4C7l',
24 silly reify   '/home/ec2-user/AXO-Project/node_modules/lru.min': '/home/ec2-user/AXO-Project/node_modules/.lru.min-ZG2qDZXe',
24 silly reify   '/home/ec2-user/AXO-Project/node_modules/mysql2': '/home/ec2-user/AXO-Project/node_modules/.mysql2-rFY6TTAi',
24 silly reify   '/home/ec2-user/AXO-Project/node_modules/named-placeholders': '/home/ec2-user/AXO-Project/node_modules/.named-placeholders-qxpp6PxA',
24 silly reify   '/home/ec2-user/AXO-Project/node_modules/seq-queue': '/home/ec2-user/AXO-Project/node_modules/.seq-queue-HixcOM9a',
24 silly reify   '/home/ec2-user/AXO-Project/node_modules/sqlstring': '/home/ec2-user/AXO-Project/node_modules/.sqlstring-kIbWyTTo'
24 silly reify }
25 http fetch GET 200 https://registry.npmjs.org/npm 141ms
26 silly audit bulk request {
26 silly audit   '@mongodb-js/saslprep': [ '1.4.4' ],
26 silly audit   '@types/webidl-conversions': [ '7.0.3' ],
26 silly audit   '@types/whatwg-url': [ '13.0.0' ],
26 silly audit   accepts: [ '2.0.0' ],
26 silly audit   'body-parser': [ '2.2.1' ],
26 silly audit   bson: [ '7.0.0' ],
26 silly audit   bytes: [ '3.1.2' ],
26 silly audit   'call-bind-apply-helpers': [ '1.0.2' ],
26 silly audit   'call-bound': [ '1.0.4' ],
26 silly audit   'content-disposition': [ '1.0.1' ],
26 silly audit   'content-type': [ '1.0.5' ],
26 silly audit   cookie: [ '0.7.2' ],
26 silly audit   'cookie-signature': [ '1.2.2' ],
26 silly audit   cors: [ '2.8.5' ],
26 silly audit   debug: [ '4.4.3' ],
26 silly audit   depd: [ '2.0.0' ],
26 silly audit   'dunder-proto': [ '1.0.1' ],
26 silly audit   'ee-first': [ '1.1.1' ],
26 silly audit   encodeurl: [ '2.0.0' ],
26 silly audit   'es-define-property': [ '1.0.1' ],
26 silly audit   'es-errors': [ '1.3.0' ],
26 silly audit   'es-object-atoms': [ '1.1.1' ],
26 silly audit   'escape-html': [ '1.0.3' ],
26 silly audit   etag: [ '1.8.1' ],
26 silly audit   express: [ '5.2.1' ],
26 silly audit   finalhandler: [ '2.1.1' ],
26 silly audit   forwarded: [ '0.2.0' ],
26 silly audit   fresh: [ '2.0.0' ],
26 silly audit   'function-bind': [ '1.1.2' ],
26 silly audit   'get-intrinsic': [ '1.3.0' ],
26 silly audit   'get-proto': [ '1.0.1' ],
26 silly audit   gopd: [ '1.2.0' ],
26 silly audit   'has-symbols': [ '1.1.0' ],
26 silly audit   hasown: [ '2.0.2' ],
26 silly audit   'http-errors': [ '2.0.1' ],
26 silly audit   'iconv-lite': [ '0.7.1' ],
26 silly audit   inherits: [ '2.0.4' ],
26 silly audit   'ipaddr.js': [ '1.9.1' ],
26 silly audit   'is-promise': [ '4.0.0' ],
26 silly audit   kareem: [ '3.0.0' ],
26 silly audit   'math-intrinsics': [ '1.1.0' ],
26 silly audit   'media-typer': [ '1.1.0' ],
26 silly audit   'memory-pager': [ '1.5.0' ],
26 silly audit   'merge-descriptors': [ '2.0.0' ],
26 silly audit   'mime-db': [ '1.54.0' ],
26 silly audit   'mime-types': [ '3.0.2' ],
26 silly audit   mongodb: [ '7.0.0' ],
26 silly audit   'mongodb-connection-string-url': [ '7.0.0' ],
26 silly audit   mongoose: [ '9.0.2' ],
26 silly audit   mpath: [ '0.9.0' ],
26 silly audit   mquery: [ '6.0.0' ],
26 silly audit   ms: [ '2.1.3' ],
26 silly audit   negotiator: [ '1.0.0' ],
26 silly audit   'object-assign': [ '4.1.1' ],
26 silly audit   'object-inspect': [ '1.13.4' ],
26 silly audit   'on-finished': [ '2.4.1' ],
26 silly audit   once: [ '1.4.0' ],
26 silly audit   parseurl: [ '1.3.3' ],
26 silly audit   'path-to-regexp': [ '8.3.0' ],
26 silly audit   'proxy-addr': [ '2.0.7' ],
26 silly audit   punycode: [ '2.3.1' ],
26 silly audit   qs: [ '6.14.0' ],
26 silly audit   'range-parser': [ '1.2.1' ],
26 silly audit   'raw-body': [ '3.0.2' ],
26 silly audit   router: [ '2.2.0' ],
26 silly audit   'safer-buffer': [ '2.1.2' ],
26 silly audit   send: [ '1.2.1' ],
26 silly audit   'serve-static': [ '2.2.1' ],
26 silly audit   setprototypeof: [ '1.2.0' ],
26 silly audit   'side-channel': [ '1.1.0' ],
26 silly audit   'side-channel-list': [ '1.0.0' ],
26 silly audit   'side-channel-map': [ '1.0.1' ],
26 silly audit   'side-channel-weakmap': [ '1.0.2' ],
26 silly audit   sift: [ '17.1.3' ],
26 silly audit   'sparse-bitfield': [ '3.0.3' ],
26 silly audit   statuses: [ '2.0.2' ],
26 silly audit   toidentifier: [ '1.0.1' ],
26 silly audit   tr46: [ '5.1.1' ],
26 silly audit   'type-is': [ '2.0.1' ],
26 silly audit   unpipe: [ '1.0.0' ],
26 silly audit   vary: [ '1.1.2' ],
26 silly audit   'webidl-conversions': [ '7.0.0' ],
26 silly audit   'whatwg-url': [ '14.2.0' ],
26 silly audit   wrappy: [ '1.0.2' ]
26 silly audit }
27 http fetch POST 200 https://registry.npmjs.org/-/npm/v1/security/advisories/bulk 259ms
28 silly audit report {
28 silly audit report   qs: [
28 silly audit report     {
28 silly audit report       id: 1111755,
28 silly audit report       url: 'https://github.com/advisories/GHSA-6rw7-vpxm-498p',
28 silly audit report       title: "qs's arrayLimit bypass in its bracket notation allows DoS via memory exhaustion",
28 silly audit report       severity: 'high',
28 silly audit report       vulnerable_versions: '<6.14.1',
28 silly audit report       cwe: [Array],
28 silly audit report       cvss: [Object]
28 silly audit report     }
28 silly audit report   ]
28 silly audit report }
29 silly packumentCache corgi:https://registry.npmjs.org/qs cache-miss
30 http fetch GET 200 https://registry.npmjs.org/qs 35ms (cache miss)
31 silly packumentCache corgi:https://registry.npmjs.org/qs set size:undefined disposed:false
32 silly packumentCache corgi:https://registry.npmjs.org/body-parser cache-miss
33 silly packumentCache corgi:https://registry.npmjs.org/express cache-miss
34 http fetch GET 200 https://registry.npmjs.org/body-parser 28ms (cache miss)
35 silly packumentCache corgi:https://registry.npmjs.org/body-parser set size:undefined disposed:false
36 http fetch GET 200 https://registry.npmjs.org/express 50ms (cache miss)
37 silly packumentCache corgi:https://registry.npmjs.org/express set size:undefined disposed:false
38 silly REMOVE node_modules/sqlstring
39 silly REMOVE node_modules/seq-queue
40 silly REMOVE node_modules/named-placeholders
41 silly REMOVE node_modules/mysql2
42 silly REMOVE node_modules/lru.min
43 silly REMOVE node_modules/long
44 silly REMOVE node_modules/is-property
45 silly REMOVE node_modules/generate-function
46 silly REMOVE node_modules/denque
47 silly REMOVE node_modules/aws-ssl-profiles
48 verbose cwd /home/ec2-user/AXO-Project
49 verbose os Linux 6.1.158-180.294.amzn2023.x86_64
50 verbose node v24.12.0
51 verbose npm  v11.6.2
52 notice
52 notice New [33mminor[39m version of npm available! [33m11.6.2[39m -> [34m11.7.0[39m
52 notice Changelog: [34mhttps://github.com/npm/cli/releases/tag/v11.7.0[39m
52 notice To update run: [4mnpm install -g npm@11.7.0[24m
52 notice  { force: true, Symbol(proc-log.meta): true }
53 verbose exit 0
54 info ok
