0 verbose cli /usr/bin/node /usr/bin/npm
1 info using npm@11.6.2
2 info using node@v24.12.0
3 silly config load:file:/usr/lib/node_modules/npm/npmrc
4 silly config load:file:/home/ec2-user/AXO-Project/.npmrc
5 silly config load:file:/home/ec2-user/.npmrc
6 silly config load:file:/home/ec2-user/.npm-global/etc/npmrc
7 verbose title npm install mongodb
8 verbose argv "install" "mongodb"
9 verbose logfile logs-max:10 dir:/home/ec2-user/.npm/_logs/2026-01-03T05_28_57_607Z-
10 verbose logfile /home/ec2-user/.npm/_logs/2026-01-03T05_28_57_607Z-debug-0.log
11 silly logfile done cleaning log files
12 silly packumentCache heap:2254700544 maxSize:563675136 maxEntrySize:281837568
13 silly idealTree buildDeps
14 silly fetch manifest mongodb@*
15 silly packumentCache full:https://registry.npmjs.org/mongodb cache-miss
16 http fetch GET 200 https://registry.npmjs.org/mongodb 134ms (cache miss)
17 silly packumentCache full:https://registry.npmjs.org/mongodb set size:undefined disposed:false
18 silly fetch manifest @aws-sdk/credential-providers@^3.806.0
19 silly packumentCache full:https://registry.npmjs.org/@aws-sdk%2fcredential-providers cache-miss
20 http fetch GET 200 https://registry.npmjs.org/@aws-sdk%2fcredential-providers 62ms (cache miss)
21 silly packumentCache full:https://registry.npmjs.org/@aws-sdk%2fcredential-providers set size:undefined disposed:false
22 silly fetch manifest @mongodb-js/zstd@^7.0.0
23 silly packumentCache full:https://registry.npmjs.org/@mongodb-js%2fzstd cache-miss
24 http fetch GET 200 https://registry.npmjs.org/@mongodb-js%2fzstd 38ms (cache miss)
25 silly packumentCache full:https://registry.npmjs.org/@mongodb-js%2fzstd set size:undefined disposed:false
26 silly fetch manifest gcp-metadata@^7.0.1
27 silly packumentCache full:https://registry.npmjs.org/gcp-metadata cache-miss
28 http fetch GET 200 https://registry.npmjs.org/gcp-metadata 27ms (cache miss)
29 silly packumentCache full:https://registry.npmjs.org/gcp-metadata set size:undefined disposed:false
30 silly fetch manifest kerberos@^7.0.0
31 silly packumentCache full:https://registry.npmjs.org/kerberos cache-miss
32 http fetch GET 200 https://registry.npmjs.org/kerberos 28ms (cache miss)
33 silly packumentCache full:https://registry.npmjs.org/kerberos set size:undefined disposed:false
34 silly fetch manifest mongodb-client-encryption@>=7.0.0 <7.1.0
35 silly packumentCache full:https://registry.npmjs.org/mongodb-client-encryption cache-miss
36 http fetch GET 200 https://registry.npmjs.org/mongodb-client-encryption 41ms (cache miss)
37 silly packumentCache full:https://registry.npmjs.org/mongodb-client-encryption set size:undefined disposed:false
38 silly fetch manifest snappy@^7.3.2
39 silly packumentCache full:https://registry.npmjs.org/snappy cache-miss
40 http fetch GET 200 https://registry.npmjs.org/snappy 36ms (cache miss)
41 silly packumentCache full:https://registry.npmjs.org/snappy set size:undefined disposed:false
42 silly fetch manifest socks@^2.8.6
43 silly packumentCache full:https://registry.npmjs.org/socks cache-miss
44 http fetch GET 200 https://registry.npmjs.org/socks 44ms (cache revalidated)
45 silly packumentCache full:https://registry.npmjs.org/socks set size:168523 disposed:false
46 silly placeDep ROOT mongodb@7.0.0 REPLACE for: axo-project@1.0.0 want: *
47 silly reify moves {}
48 silly audit bulk request {
48 silly audit   '@mongodb-js/saslprep': [ '1.4.4' ],
48 silly audit   '@types/webidl-conversions': [ '7.0.3' ],
48 silly audit   '@types/whatwg-url': [ '13.0.0' ],
48 silly audit   accepts: [ '2.0.0' ],
48 silly audit   bcryptjs: [ '3.0.3' ],
48 silly audit   'body-parser': [ '2.2.1' ],
48 silly audit   bson: [ '7.0.0' ],
48 silly audit   'buffer-equal-constant-time': [ '1.0.1' ],
48 silly audit   bytes: [ '3.1.2' ],
48 silly audit   'call-bind-apply-helpers': [ '1.0.2' ],
48 silly audit   'call-bound': [ '1.0.4' ],
48 silly audit   'content-disposition': [ '1.0.1' ],
48 silly audit   'content-type': [ '1.0.5' ],
48 silly audit   cookie: [ '0.7.2' ],
48 silly audit   'cookie-parser': [ '1.4.7' ],
48 silly audit   'cookie-signature': [ '1.0.6', '1.2.2' ],
48 silly audit   cors: [ '2.8.5' ],
48 silly audit   debug: [ '4.4.3' ],
48 silly audit   depd: [ '2.0.0' ],
48 silly audit   'dunder-proto': [ '1.0.1' ],
48 silly audit   'ecdsa-sig-formatter': [ '1.0.11' ],
48 silly audit   'ee-first': [ '1.1.1' ],
48 silly audit   encodeurl: [ '2.0.0' ],
48 silly audit   'es-define-property': [ '1.0.1' ],
48 silly audit   'es-errors': [ '1.3.0' ],
48 silly audit   'es-object-atoms': [ '1.1.1' ],
48 silly audit   'escape-html': [ '1.0.3' ],
48 silly audit   etag: [ '1.8.1' ],
48 silly audit   express: [ '5.2.1' ],
48 silly audit   finalhandler: [ '2.1.1' ],
48 silly audit   forwarded: [ '0.2.0' ],
48 silly audit   fresh: [ '2.0.0' ],
48 silly audit   'function-bind': [ '1.1.2' ],
48 silly audit   'get-intrinsic': [ '1.3.0' ],
48 silly audit   'get-proto': [ '1.0.1' ],
48 silly audit   gopd: [ '1.2.0' ],
48 silly audit   'has-symbols': [ '1.1.0' ],
48 silly audit   hasown: [ '2.0.2' ],
48 silly audit   'http-errors': [ '2.0.1' ],
48 silly audit   'iconv-lite': [ '0.7.1' ],
48 silly audit   inherits: [ '2.0.4' ],
48 silly audit   'ipaddr.js': [ '1.9.1' ],
48 silly audit   'is-promise': [ '4.0.0' ],
48 silly audit   jsonwebtoken: [ '9.0.3' ],
48 silly audit   jwa: [ '2.0.1' ],
48 silly audit   jws: [ '4.0.1' ],
48 silly audit   kareem: [ '3.0.0' ],
48 silly audit   'lodash.includes': [ '4.3.0' ],
48 silly audit   'lodash.isboolean': [ '3.0.3' ],
48 silly audit   'lodash.isinteger': [ '4.0.4' ],
48 silly audit   'lodash.isnumber': [ '3.0.3' ],
48 silly audit   'lodash.isplainobject': [ '4.0.6' ],
48 silly audit   'lodash.isstring': [ '4.0.1' ],
48 silly audit   'lodash.once': [ '4.1.1' ],
48 silly audit   'math-intrinsics': [ '1.1.0' ],
48 silly audit   'media-typer': [ '1.1.0' ],
48 silly audit   'memory-pager': [ '1.5.0' ],
48 silly audit   'merge-descriptors': [ '2.0.0' ],
48 silly audit   'mime-db': [ '1.54.0' ],
48 silly audit   'mime-types': [ '3.0.2' ],
48 silly audit   'mongodb-connection-string-url': [ '7.0.0' ],
48 silly audit   mongoose: [ '9.1.1' ],
48 silly audit   mpath: [ '0.9.0' ],
48 silly audit   mquery: [ '6.0.0' ],
48 silly audit   ms: [ '2.1.3' ],
48 silly audit   negotiator: [ '1.0.0' ],
48 silly audit   'object-assign': [ '4.1.1' ],
48 silly audit   'object-inspect': [ '1.13.4' ],
48 silly audit   'on-finished': [ '2.4.1' ],
48 silly audit   once: [ '1.4.0' ],
48 silly audit   parseurl: [ '1.3.3' ],
48 silly audit   'path-to-regexp': [ '8.3.0' ],
48 silly audit   'proxy-addr': [ '2.0.7' ],
48 silly audit   punycode: [ '2.3.1' ],
48 silly audit   qs: [ '6.14.1' ],
48 silly audit   'range-parser': [ '1.2.1' ],
48 silly audit   'raw-body': [ '3.0.2' ],
48 silly audit   router: [ '2.2.0' ],
48 silly audit   'safe-buffer': [ '5.2.1' ],
48 silly audit   'safer-buffer': [ '2.1.2' ],
48 silly audit   semver: [ '7.7.3' ],
48 silly audit   send: [ '1.2.1' ],
48 silly audit   'serve-static': [ '2.2.1' ],
48 silly audit   setprototypeof: [ '1.2.0' ],
48 silly audit   'side-channel': [ '1.1.0' ],
48 silly audit   'side-channel-list': [ '1.0.0' ],
48 silly audit   'side-channel-map': [ '1.0.1' ],
48 silly audit   'side-channel-weakmap': [ '1.0.2' ],
48 silly audit   sift: [ '17.1.3' ],
48 silly audit   'sparse-bitfield': [ '3.0.3' ],
48 silly audit   statuses: [ '2.0.2' ],
48 silly audit   toidentifier: [ '1.0.1' ],
48 silly audit   tr46: [ '5.1.1' ],
48 silly audit   'type-is': [ '2.0.1' ],
48 silly audit   unpipe: [ '1.0.0' ],
48 silly audit   vary: [ '1.1.2' ],
48 silly audit   'webidl-conversions': [ '7.0.0' ],
48 silly audit   'whatwg-url': [ '14.2.0' ],
48 silly audit   wrappy: [ '1.0.2' ],
48 silly audit   mongodb: [ '7.0.0' ]
48 silly audit }
49 http fetch POST 200 https://registry.npmjs.org/-/npm/v1/security/advisories/bulk 281ms
50 silly audit report {}
51 verbose cwd /home/ec2-user/AXO-Project
52 verbose os Linux 6.1.158-180.294.amzn2023.x86_64
53 verbose node v24.12.0
54 verbose npm  v11.6.2
55 verbose exit 0
56 info ok
