0 verbose cli /usr/bin/node /usr/bin/npm
1 info using npm@11.6.2
2 info using node@v24.12.0
3 silly config load:file:/usr/lib/node_modules/npm/npmrc
4 silly config load:file:/home/ec2-user/AXO-Project/.npmrc
5 silly config load:file:/home/ec2-user/.npmrc
6 silly config load:file:/home/ec2-user/.npm-global/etc/npmrc
7 verbose title npm install mongoose bcryptjs jsonwebtoken cookie-parser
8 verbose argv "install" "mongoose" "bcryptjs" "jsonwebtoken" "cookie-parser"
9 verbose logfile logs-max:10 dir:/home/ec2-user/.npm/_logs/2026-01-03T05_16_34_061Z-
10 verbose logfile /home/ec2-user/.npm/_logs/2026-01-03T05_16_34_061Z-debug-0.log
11 silly logfile done cleaning log files
12 silly packumentCache heap:2254700544 maxSize:563675136 maxEntrySize:281837568
13 silly idealTree buildDeps
14 silly fetch manifest mongoose@^9.0.2
15 silly packumentCache full:https://registry.npmjs.org/mongoose cache-miss
16 http fetch GET 200 https://registry.npmjs.org/mongoose 156ms (cache miss)
17 silly packumentCache full:https://registry.npmjs.org/mongoose set size:undefined disposed:false
18 silly fetch manifest bcryptjs@*
19 silly packumentCache full:https://registry.npmjs.org/bcryptjs cache-miss
20 http fetch GET 200 https://registry.npmjs.org/bcryptjs 27ms (cache miss)
21 silly packumentCache full:https://registry.npmjs.org/bcryptjs set size:undefined disposed:false
22 silly fetch manifest jsonwebtoken@*
23 silly packumentCache full:https://registry.npmjs.org/jsonwebtoken cache-miss
24 http fetch GET 200 https://registry.npmjs.org/jsonwebtoken 30ms (cache miss)
25 silly packumentCache full:https://registry.npmjs.org/jsonwebtoken set size:undefined disposed:false
26 silly fetch manifest cookie-parser@*
27 silly packumentCache full:https://registry.npmjs.org/cookie-parser cache-miss
28 http fetch GET 200 https://registry.npmjs.org/cookie-parser 308ms (cache miss)
29 silly packumentCache full:https://registry.npmjs.org/cookie-parser set size:undefined disposed:false
30 silly placeDep ROOT bcryptjs@3.0.3 OK for: axo-project@1.0.0 want: *
31 silly placeDep ROOT cookie-parser@1.4.7 OK for: axo-project@1.0.0 want: *
32 silly placeDep ROOT jsonwebtoken@9.0.3 OK for: axo-project@1.0.0 want: *
33 silly placeDep ROOT mongoose@9.1.1 REPLACE for: axo-project@1.0.0 want: ^9.0.2
34 silly fetch manifest cookie-signature@1.0.6
35 silly packumentCache full:https://registry.npmjs.org/cookie-signature cache-miss
36 http fetch GET 200 https://registry.npmjs.org/cookie-signature 23ms (cache miss)
37 silly packumentCache full:https://registry.npmjs.org/cookie-signature set size:undefined disposed:false
38 silly fetch manifest jws@^4.0.1
39 silly packumentCache full:https://registry.npmjs.org/jws cache-miss
40 http fetch GET 200 https://registry.npmjs.org/jws 20ms (cache miss)
41 silly packumentCache full:https://registry.npmjs.org/jws set size:undefined disposed:false
42 silly fetch manifest semver@^7.5.4
43 silly packumentCache full:https://registry.npmjs.org/semver cache-miss
44 http fetch GET 200 https://registry.npmjs.org/semver 34ms (cache revalidated)
45 silly packumentCache full:https://registry.npmjs.org/semver set size:226907 disposed:false
46 silly fetch manifest lodash.once@^4.0.0
47 silly packumentCache full:https://registry.npmjs.org/lodash.once cache-miss
48 http fetch GET 200 https://registry.npmjs.org/lodash.once 26ms (cache miss)
49 silly packumentCache full:https://registry.npmjs.org/lodash.once set size:undefined disposed:false
50 silly fetch manifest lodash.includes@^4.3.0
51 silly packumentCache full:https://registry.npmjs.org/lodash.includes cache-miss
52 http fetch GET 200 https://registry.npmjs.org/lodash.includes 24ms (cache miss)
53 silly packumentCache full:https://registry.npmjs.org/lodash.includes set size:undefined disposed:false
54 silly fetch manifest lodash.isnumber@^3.0.3
55 silly packumentCache full:https://registry.npmjs.org/lodash.isnumber cache-miss
56 http fetch GET 200 https://registry.npmjs.org/lodash.isnumber 36ms (cache miss)
57 silly packumentCache full:https://registry.npmjs.org/lodash.isnumber set size:undefined disposed:false
58 silly fetch manifest lodash.isstring@^4.0.1
59 silly packumentCache full:https://registry.npmjs.org/lodash.isstring cache-miss
60 http fetch GET 200 https://registry.npmjs.org/lodash.isstring 29ms (cache miss)
61 silly packumentCache full:https://registry.npmjs.org/lodash.isstring set size:undefined disposed:false
62 silly fetch manifest lodash.isboolean@^3.0.3
63 silly packumentCache full:https://registry.npmjs.org/lodash.isboolean cache-miss
64 http fetch GET 200 https://registry.npmjs.org/lodash.isboolean 23ms (cache miss)
65 silly packumentCache full:https://registry.npmjs.org/lodash.isboolean set size:undefined disposed:false
66 silly fetch manifest lodash.isinteger@^4.0.4
67 silly packumentCache full:https://registry.npmjs.org/lodash.isinteger cache-miss
68 http fetch GET 200 https://registry.npmjs.org/lodash.isinteger 25ms (cache miss)
69 silly packumentCache full:https://registry.npmjs.org/lodash.isinteger set size:undefined disposed:false
70 silly fetch manifest lodash.isplainobject@^4.0.6
71 silly packumentCache full:https://registry.npmjs.org/lodash.isplainobject cache-miss
72 http fetch GET 200 https://registry.npmjs.org/lodash.isplainobject 32ms (cache miss)
73 silly packumentCache full:https://registry.npmjs.org/lodash.isplainobject set size:undefined disposed:false
74 silly placeDep node_modules/cookie-parser cookie-signature@1.0.6 OK for: cookie-parser@1.4.7 want: 1.0.6
75 silly placeDep ROOT jws@4.0.1 OK for: jsonwebtoken@9.0.3 want: ^4.0.1
76 silly placeDep ROOT lodash.includes@4.3.0 OK for: jsonwebtoken@9.0.3 want: ^4.3.0
77 silly placeDep ROOT lodash.isboolean@3.0.3 OK for: jsonwebtoken@9.0.3 want: ^3.0.3
78 silly placeDep ROOT lodash.isinteger@4.0.4 OK for: jsonwebtoken@9.0.3 want: ^4.0.4
79 silly placeDep ROOT lodash.isnumber@3.0.3 OK for: jsonwebtoken@9.0.3 want: ^3.0.3
80 silly placeDep ROOT lodash.isplainobject@4.0.6 OK for: jsonwebtoken@9.0.3 want: ^4.0.6
81 silly placeDep ROOT lodash.isstring@4.0.1 OK for: jsonwebtoken@9.0.3 want: ^4.0.1
82 silly placeDep ROOT lodash.once@4.1.1 OK for: jsonwebtoken@9.0.3 want: ^4.0.0
83 silly placeDep ROOT semver@7.7.3 OK for: jsonwebtoken@9.0.3 want: ^7.5.4
84 silly fetch manifest jwa@^2.0.1
85 silly packumentCache full:https://registry.npmjs.org/jwa cache-miss
86 http fetch GET 200 https://registry.npmjs.org/jwa 283ms (cache miss)
87 silly packumentCache full:https://registry.npmjs.org/jwa set size:undefined disposed:false
88 silly fetch manifest safe-buffer@^5.0.1
89 silly packumentCache full:https://registry.npmjs.org/safe-buffer cache-miss
90 http fetch GET 200 https://registry.npmjs.org/safe-buffer 38ms (cache revalidated)
91 silly packumentCache full:https://registry.npmjs.org/safe-buffer set size:41183 disposed:false
92 silly placeDep ROOT jwa@2.0.1 OK for: jws@4.0.1 want: ^2.0.1
93 silly placeDep ROOT safe-buffer@5.2.1 OK for: jws@4.0.1 want: ^5.0.1
94 silly fetch manifest ecdsa-sig-formatter@1.0.11
95 silly packumentCache full:https://registry.npmjs.org/ecdsa-sig-formatter cache-miss
96 http fetch GET 200 https://registry.npmjs.org/ecdsa-sig-formatter 24ms (cache miss)
97 silly packumentCache full:https://registry.npmjs.org/ecdsa-sig-formatter set size:undefined disposed:false
98 silly fetch manifest buffer-equal-constant-time@^1.0.1
99 silly packumentCache full:https://registry.npmjs.org/buffer-equal-constant-time cache-miss
100 http fetch GET 200 https://registry.npmjs.org/buffer-equal-constant-time 27ms (cache miss)
101 silly packumentCache full:https://registry.npmjs.org/buffer-equal-constant-time set size:undefined disposed:false
102 silly placeDep ROOT buffer-equal-constant-time@1.0.1 OK for: jwa@2.0.1 want: ^1.0.1
103 silly placeDep ROOT ecdsa-sig-formatter@1.0.11 OK for: jwa@2.0.1 want: 1.0.11
104 silly reify mark retired [ '/home/ec2-user/AXO-Project/node_modules/mongoose' ]
105 silly reify moves {
105 silly reify   '/home/ec2-user/AXO-Project/node_modules/mongoose': '/home/ec2-user/AXO-Project/node_modules/.mongoose-sAqMO2PY'
105 silly reify }
106 silly audit bulk request {
106 silly audit   '@mongodb-js/saslprep': [ '1.4.4' ],
106 silly audit   '@types/webidl-conversions': [ '7.0.3' ],
106 silly audit   '@types/whatwg-url': [ '13.0.0' ],
106 silly audit   accepts: [ '2.0.0' ],
106 silly audit   'body-parser': [ '2.2.1' ],
106 silly audit   bson: [ '7.0.0' ],
106 silly audit   bytes: [ '3.1.2' ],
106 silly audit   'call-bind-apply-helpers': [ '1.0.2' ],
106 silly audit   'call-bound': [ '1.0.4' ],
106 silly audit   'content-disposition': [ '1.0.1' ],
106 silly audit   'content-type': [ '1.0.5' ],
106 silly audit   cookie: [ '0.7.2' ],
106 silly audit   'cookie-signature': [ '1.2.2', '1.0.6' ],
106 silly audit   cors: [ '2.8.5' ],
106 silly audit   debug: [ '4.4.3' ],
106 silly audit   depd: [ '2.0.0' ],
106 silly audit   'dunder-proto': [ '1.0.1' ],
106 silly audit   'ee-first': [ '1.1.1' ],
106 silly audit   encodeurl: [ '2.0.0' ],
106 silly audit   'es-define-property': [ '1.0.1' ],
106 silly audit   'es-errors': [ '1.3.0' ],
106 silly audit   'es-object-atoms': [ '1.1.1' ],
106 silly audit   'escape-html': [ '1.0.3' ],
106 silly audit   etag: [ '1.8.1' ],
106 silly audit   express: [ '5.2.1' ],
106 silly audit   finalhandler: [ '2.1.1' ],
106 silly audit   forwarded: [ '0.2.0' ],
106 silly audit   fresh: [ '2.0.0' ],
106 silly audit   'function-bind': [ '1.1.2' ],
106 silly audit   'get-intrinsic': [ '1.3.0' ],
106 silly audit   'get-proto': [ '1.0.1' ],
106 silly audit   gopd: [ '1.2.0' ],
106 silly audit   'has-symbols': [ '1.1.0' ],
106 silly audit   hasown: [ '2.0.2' ],
106 silly audit   'http-errors': [ '2.0.1' ],
106 silly audit   'iconv-lite': [ '0.7.1' ],
106 silly audit   inherits: [ '2.0.4' ],
106 silly audit   'ipaddr.js': [ '1.9.1' ],
106 silly audit   'is-promise': [ '4.0.0' ],
106 silly audit   kareem: [ '3.0.0' ],
106 silly audit   'math-intrinsics': [ '1.1.0' ],
106 silly audit   'media-typer': [ '1.1.0' ],
106 silly audit   'memory-pager': [ '1.5.0' ],
106 silly audit   'merge-descriptors': [ '2.0.0' ],
106 silly audit   'mime-db': [ '1.54.0' ],
106 silly audit   'mime-types': [ '3.0.2' ],
106 silly audit   mongodb: [ '7.0.0' ],
106 silly audit   'mongodb-connection-string-url': [ '7.0.0' ],
106 silly audit   mpath: [ '0.9.0' ],
106 silly audit   mquery: [ '6.0.0' ],
106 silly audit   ms: [ '2.1.3' ],
106 silly audit   negotiator: [ '1.0.0' ],
106 silly audit   'object-assign': [ '4.1.1' ],
106 silly audit   'object-inspect': [ '1.13.4' ],
106 silly audit   'on-finished': [ '2.4.1' ],
106 silly audit   once: [ '1.4.0' ],
106 silly audit   parseurl: [ '1.3.3' ],
106 silly audit   'path-to-regexp': [ '8.3.0' ],
106 silly audit   'proxy-addr': [ '2.0.7' ],
106 silly audit   punycode: [ '2.3.1' ],
106 silly audit   qs: [ '6.14.1' ],
106 silly audit   'range-parser': [ '1.2.1' ],
106 silly audit   'raw-body': [ '3.0.2' ],
106 silly audit   router: [ '2.2.0' ],
106 silly audit   'safer-buffer': [ '2.1.2' ],
106 silly audit   send: [ '1.2.1' ],
106 silly audit   'serve-static': [ '2.2.1' ],
106 silly audit   setprototypeof: [ '1.2.0' ],
106 silly audit   'side-channel': [ '1.1.0' ],
106 silly audit   'side-channel-list': [ '1.0.0' ],
106 silly audit   'side-channel-map': [ '1.0.1' ],
106 silly audit   'side-channel-weakmap': [ '1.0.2' ],
106 silly audit   sift: [ '17.1.3' ],
106 silly audit   'sparse-bitfield': [ '3.0.3' ],
106 silly audit   statuses: [ '2.0.2' ],
106 silly audit   toidentifier: [ '1.0.1' ],
106 silly audit   tr46: [ '5.1.1' ],
106 silly audit   'type-is': [ '2.0.1' ],
106 silly audit   unpipe: [ '1.0.0' ],
106 silly audit   vary: [ '1.1.2' ],
106 silly audit   'webidl-conversions': [ '7.0.0' ],
106 silly audit   'whatwg-url': [ '14.2.0' ],
106 silly audit   wrappy: [ '1.0.2' ],
106 silly audit   bcryptjs: [ '3.0.3' ],
106 silly audit   'cookie-parser': [ '1.4.7' ],
106 silly audit   jsonwebtoken: [ '9.0.3' ],
106 silly audit   mongoose: [ '9.1.1' ],
106 silly audit   jws: [ '4.0.1' ],
106 silly audit   'lodash.includes': [ '4.3.0' ],
106 silly audit   'lodash.isboolean': [ '3.0.3' ],
106 silly audit   'lodash.isinteger': [ '4.0.4' ],
106 silly audit   'lodash.isnumber': [ '3.0.3' ],
106 silly audit   'lodash.isplainobject': [ '4.0.6' ],
106 silly audit   'lodash.isstring': [ '4.0.1' ],
106 silly audit   'lodash.once': [ '4.1.1' ],
106 silly audit   semver: [ '7.7.3' ],
106 silly audit   jwa: [ '2.0.1' ],
106 silly audit   'safe-buffer': [ '5.2.1' ],
106 silly audit   'buffer-equal-constant-time': [ '1.0.1' ],
106 silly audit   'ecdsa-sig-formatter': [ '1.0.11' ]
106 silly audit }
107 http cache ecdsa-sig-formatter@https://registry.npmjs.org/ecdsa-sig-formatter/-/ecdsa-sig-formatter-1.0.11.tgz 0ms (cache hit)
108 http cache buffer-equal-constant-time@https://registry.npmjs.org/buffer-equal-constant-time/-/buffer-equal-constant-time-1.0.1.tgz 0ms (cache hit)
109 http cache safe-buffer@https://registry.npmjs.org/safe-buffer/-/safe-buffer-5.2.1.tgz 0ms (cache hit)
110 http cache jwa@https://registry.npmjs.org/jwa/-/jwa-2.0.1.tgz 0ms (cache hit)
111 http cache semver@https://registry.npmjs.org/semver/-/semver-7.7.3.tgz 0ms (cache hit)
112 http cache lodash.once@https://registry.npmjs.org/lodash.once/-/lodash.once-4.1.1.tgz 0ms (cache hit)
113 http cache lodash.isstring@https://registry.npmjs.org/lodash.isstring/-/lodash.isstring-4.0.1.tgz 0ms (cache hit)
114 http cache lodash.isplainobject@https://registry.npmjs.org/lodash.isplainobject/-/lodash.isplainobject-4.0.6.tgz 0ms (cache hit)
115 http cache lodash.isnumber@https://registry.npmjs.org/lodash.isnumber/-/lodash.isnumber-3.0.3.tgz 0ms (cache hit)
116 http cache lodash.isinteger@https://registry.npmjs.org/lodash.isinteger/-/lodash.isinteger-4.0.4.tgz 0ms (cache hit)
117 http cache lodash.isboolean@https://registry.npmjs.org/lodash.isboolean/-/lodash.isboolean-3.0.3.tgz 0ms (cache hit)
118 http cache lodash.includes@https://registry.npmjs.org/lodash.includes/-/lodash.includes-4.3.0.tgz 0ms (cache hit)
119 http cache jws@https://registry.npmjs.org/jws/-/jws-4.0.1.tgz 0ms (cache hit)
120 http cache jsonwebtoken@https://registry.npmjs.org/jsonwebtoken/-/jsonwebtoken-9.0.3.tgz 0ms (cache hit)
121 http cache cookie-parser@https://registry.npmjs.org/cookie-parser/-/cookie-parser-1.4.7.tgz 0ms (cache hit)
122 http cache bcryptjs@https://registry.npmjs.org/bcryptjs/-/bcryptjs-3.0.3.tgz 0ms (cache hit)
123 http cache mongoose@https://registry.npmjs.org/mongoose/-/mongoose-9.1.1.tgz 0ms (cache hit)
124 http cache cookie-signature@https://registry.npmjs.org/cookie-signature/-/cookie-signature-1.0.6.tgz 0ms (cache hit)
125 silly tarball no local data for ecdsa-sig-formatter@https://registry.npmjs.org/ecdsa-sig-formatter/-/ecdsa-sig-formatter-1.0.11.tgz. Extracting by manifest.
126 silly tarball no local data for buffer-equal-constant-time@https://registry.npmjs.org/buffer-equal-constant-time/-/buffer-equal-constant-time-1.0.1.tgz. Extracting by manifest.
127 silly tarball no local data for jwa@https://registry.npmjs.org/jwa/-/jwa-2.0.1.tgz. Extracting by manifest.
128 silly tarball no local data for semver@https://registry.npmjs.org/semver/-/semver-7.7.3.tgz. Extracting by manifest.
129 silly tarball no local data for lodash.once@https://registry.npmjs.org/lodash.once/-/lodash.once-4.1.1.tgz. Extracting by manifest.
130 silly tarball no local data for lodash.isstring@https://registry.npmjs.org/lodash.isstring/-/lodash.isstring-4.0.1.tgz. Extracting by manifest.
131 silly tarball no local data for lodash.isplainobject@https://registry.npmjs.org/lodash.isplainobject/-/lodash.isplainobject-4.0.6.tgz. Extracting by manifest.
132 silly tarball no local data for lodash.isnumber@https://registry.npmjs.org/lodash.isnumber/-/lodash.isnumber-3.0.3.tgz. Extracting by manifest.
133 silly tarball no local data for lodash.isinteger@https://registry.npmjs.org/lodash.isinteger/-/lodash.isinteger-4.0.4.tgz. Extracting by manifest.
134 silly tarball no local data for lodash.includes@https://registry.npmjs.org/lodash.includes/-/lodash.includes-4.3.0.tgz. Extracting by manifest.
135 silly tarball no local data for jws@https://registry.npmjs.org/jws/-/jws-4.0.1.tgz. Extracting by manifest.
136 silly tarball no local data for jsonwebtoken@https://registry.npmjs.org/jsonwebtoken/-/jsonwebtoken-9.0.3.tgz. Extracting by manifest.
137 silly tarball no local data for cookie-parser@https://registry.npmjs.org/cookie-parser/-/cookie-parser-1.4.7.tgz. Extracting by manifest.
138 silly tarball no local data for lodash.isboolean@https://registry.npmjs.org/lodash.isboolean/-/lodash.isboolean-3.0.3.tgz. Extracting by manifest.
139 silly tarball no local data for mongoose@https://registry.npmjs.org/mongoose/-/mongoose-9.1.1.tgz. Extracting by manifest.
140 silly tarball no local data for cookie-signature@https://registry.npmjs.org/cookie-signature/-/cookie-signature-1.0.6.tgz. Extracting by manifest.
141 silly tarball no local data for bcryptjs@https://registry.npmjs.org/bcryptjs/-/bcryptjs-3.0.3.tgz. Extracting by manifest.
142 http fetch GET 200 https://registry.npmjs.org/ecdsa-sig-formatter/-/ecdsa-sig-formatter-1.0.11.tgz 143ms (cache miss)
143 http fetch GET 200 https://registry.npmjs.org/buffer-equal-constant-time/-/buffer-equal-constant-time-1.0.1.tgz 145ms (cache miss)
144 http fetch GET 200 https://registry.npmjs.org/lodash.once/-/lodash.once-4.1.1.tgz 144ms (cache miss)
145 http fetch GET 200 https://registry.npmjs.org/lodash.isboolean/-/lodash.isboolean-3.0.3.tgz 143ms (cache miss)
146 http fetch GET 200 https://registry.npmjs.org/lodash.includes/-/lodash.includes-4.3.0.tgz 147ms (cache miss)
147 http fetch GET 200 https://registry.npmjs.org/lodash.isplainobject/-/lodash.isplainobject-4.0.6.tgz 148ms (cache miss)
148 http fetch GET 200 https://registry.npmjs.org/lodash.isstring/-/lodash.isstring-4.0.1.tgz 149ms (cache miss)
149 http fetch GET 200 https://registry.npmjs.org/cookie-parser/-/cookie-parser-1.4.7.tgz 146ms (cache miss)
150 http fetch GET 200 https://registry.npmjs.org/cookie-signature/-/cookie-signature-1.0.6.tgz 144ms (cache miss)
151 http fetch GET 200 https://registry.npmjs.org/lodash.isnumber/-/lodash.isnumber-3.0.3.tgz 150ms (cache miss)
152 http fetch GET 200 https://registry.npmjs.org/jwa/-/jwa-2.0.1.tgz 152ms (cache miss)
153 http fetch GET 200 https://registry.npmjs.org/lodash.isinteger/-/lodash.isinteger-4.0.4.tgz 150ms (cache miss)
154 http fetch GET 200 https://registry.npmjs.org/jws/-/jws-4.0.1.tgz 154ms (cache miss)
155 http fetch GET 200 https://registry.npmjs.org/bcryptjs/-/bcryptjs-3.0.3.tgz 157ms (cache miss)
156 http fetch GET 200 https://registry.npmjs.org/jsonwebtoken/-/jsonwebtoken-9.0.3.tgz 163ms (cache miss)
157 http fetch GET 200 https://registry.npmjs.org/semver/-/semver-7.7.3.tgz 186ms (cache miss)
158 http fetch POST 200 https://registry.npmjs.org/-/npm/v1/security/advisories/bulk 265ms
159 silly audit report {}
160 http fetch GET 200 https://registry.npmjs.org/mongoose/-/mongoose-9.1.1.tgz 346ms (cache miss)
161 silly ADD node_modules/ecdsa-sig-formatter
162 silly ADD node_modules/buffer-equal-constant-time
163 silly ADD node_modules/safe-buffer
164 silly ADD node_modules/jwa
165 silly ADD node_modules/semver
166 silly ADD node_modules/lodash.once
167 silly ADD node_modules/lodash.isstring
168 silly ADD node_modules/lodash.isplainobject
169 silly ADD node_modules/lodash.isnumber
170 silly ADD node_modules/lodash.isinteger
171 silly ADD node_modules/lodash.isboolean
172 silly ADD node_modules/lodash.includes
173 silly ADD node_modules/jws
174 silly ADD node_modules/jsonwebtoken
175 silly ADD node_modules/cookie-parser
176 silly ADD node_modules/cookie-parser/node_modules/cookie-signature
177 silly ADD node_modules/bcryptjs
178 silly CHANGE node_modules/mongoose
179 verbose cwd /home/ec2-user/AXO-Project
180 verbose os Linux 6.1.158-180.294.amzn2023.x86_64
181 verbose node v24.12.0
182 verbose npm  v11.6.2
183 verbose exit 0
184 info ok
