0 verbose cli /usr/bin/node /usr/bin/npm
1 info using npm@11.6.2
2 info using node@v24.12.0
3 silly config load:file:/usr/lib/node_modules/npm/npmrc
4 silly config load:file:/home/ec2-user/AXO-Project/.npmrc
5 silly config load:file:/home/ec2-user/.npmrc
6 silly config load:file:/home/ec2-user/.npm-global/etc/npmrc
7 verbose title npm audit fix
8 verbose argv "audit" "fix"
9 verbose logfile logs-max:10 dir:/home/ec2-user/.npm/_logs/2026-01-03T05_16_24_361Z-
10 verbose logfile /home/ec2-user/.npm/_logs/2026-01-03T05_16_24_361Z-debug-0.log
11 silly logfile done cleaning log files
12 silly packumentCache heap:2254700544 maxSize:563675136 maxEntrySize:281837568
13 silly audit bulk request {
13 silly audit   '@mongodb-js/saslprep': [ '1.4.4' ],
13 silly audit   '@types/webidl-conversions': [ '7.0.3' ],
13 silly audit   '@types/whatwg-url': [ '13.0.0' ],
13 silly audit   accepts: [ '2.0.0' ],
13 silly audit   'body-parser': [ '2.2.1' ],
13 silly audit   bson: [ '7.0.0' ],
13 silly audit   bytes: [ '3.1.2' ],
13 silly audit   'call-bind-apply-helpers': [ '1.0.2' ],
13 silly audit   'call-bound': [ '1.0.4' ],
13 silly audit   'content-disposition': [ '1.0.1' ],
13 silly audit   'content-type': [ '1.0.5' ],
13 silly audit   cookie: [ '0.7.2' ],
13 silly audit   'cookie-signature': [ '1.2.2' ],
13 silly audit   cors: [ '2.8.5' ],
13 silly audit   debug: [ '4.4.3' ],
13 silly audit   depd: [ '2.0.0' ],
13 silly audit   'dunder-proto': [ '1.0.1' ],
13 silly audit   'ee-first': [ '1.1.1' ],
13 silly audit   encodeurl: [ '2.0.0' ],
13 silly audit   'es-define-property': [ '1.0.1' ],
13 silly audit   'es-errors': [ '1.3.0' ],
13 silly audit   'es-object-atoms': [ '1.1.1' ],
13 silly audit   'escape-html': [ '1.0.3' ],
13 silly audit   etag: [ '1.8.1' ],
13 silly audit   express: [ '5.2.1' ],
13 silly audit   finalhandler: [ '2.1.1' ],
13 silly audit   forwarded: [ '0.2.0' ],
13 silly audit   fresh: [ '2.0.0' ],
13 silly audit   'function-bind': [ '1.1.2' ],
13 silly audit   'get-intrinsic': [ '1.3.0' ],
13 silly audit   'get-proto': [ '1.0.1' ],
13 silly audit   gopd: [ '1.2.0' ],
13 silly audit   'has-symbols': [ '1.1.0' ],
13 silly audit   hasown: [ '2.0.2' ],
13 silly audit   'http-errors': [ '2.0.1' ],
13 silly audit   'iconv-lite': [ '0.7.1' ],
13 silly audit   inherits: [ '2.0.4' ],
13 silly audit   'ipaddr.js': [ '1.9.1' ],
13 silly audit   'is-promise': [ '4.0.0' ],
13 silly audit   kareem: [ '3.0.0' ],
13 silly audit   'math-intrinsics': [ '1.1.0' ],
13 silly audit   'media-typer': [ '1.1.0' ],
13 silly audit   'memory-pager': [ '1.5.0' ],
13 silly audit   'merge-descriptors': [ '2.0.0' ],
13 silly audit   'mime-db': [ '1.54.0' ],
13 silly audit   'mime-types': [ '3.0.2' ],
13 silly audit   mongodb: [ '7.0.0' ],
13 silly audit   'mongodb-connection-string-url': [ '7.0.0' ],
13 silly audit   mongoose: [ '9.0.2' ],
13 silly audit   mpath: [ '0.9.0' ],
13 silly audit   mquery: [ '6.0.0' ],
13 silly audit   ms: [ '2.1.3' ],
13 silly audit   negotiator: [ '1.0.0' ],
13 silly audit   'object-assign': [ '4.1.1' ],
13 silly audit   'object-inspect': [ '1.13.4' ],
13 silly audit   'on-finished': [ '2.4.1' ],
13 silly audit   once: [ '1.4.0' ],
13 silly audit   parseurl: [ '1.3.3' ],
13 silly audit   'path-to-regexp': [ '8.3.0' ],
13 silly audit   'proxy-addr': [ '2.0.7' ],
13 silly audit   punycode: [ '2.3.1' ],
13 silly audit   qs: [ '6.14.0' ],
13 silly audit   'range-parser': [ '1.2.1' ],
13 silly audit   'raw-body': [ '3.0.2' ],
13 silly audit   router: [ '2.2.0' ],
13 silly audit   'safer-buffer': [ '2.1.2' ],
13 silly audit   send: [ '1.2.1' ],
13 silly audit   'serve-static': [ '2.2.1' ],
13 silly audit   setprototypeof: [ '1.2.0' ],
13 silly audit   'side-channel': [ '1.1.0' ],
13 silly audit   'side-channel-list': [ '1.0.0' ],
13 silly audit   'side-channel-map': [ '1.0.1' ],
13 silly audit   'side-channel-weakmap': [ '1.0.2' ],
13 silly audit   sift: [ '17.1.3' ],
13 silly audit   'sparse-bitfield': [ '3.0.3' ],
13 silly audit   statuses: [ '2.0.2' ],
13 silly audit   toidentifier: [ '1.0.1' ],
13 silly audit   tr46: [ '5.1.1' ],
13 silly audit   'type-is': [ '2.0.1' ],
13 silly audit   unpipe: [ '1.0.0' ],
13 silly audit   vary: [ '1.1.2' ],
13 silly audit   'webidl-conversions': [ '7.0.0' ],
13 silly audit   'whatwg-url': [ '14.2.0' ],
13 silly audit   wrappy: [ '1.0.2' ]
13 silly audit }
14 http fetch POST 200 https://registry.npmjs.org/-/npm/v1/security/advisories/bulk 306ms
15 silly audit report {
15 silly audit report   qs: [
15 silly audit report     {
15 silly audit report       id: 1111755,
15 silly audit report       url: 'https://github.com/advisories/GHSA-6rw7-vpxm-498p',
15 silly audit report       title: "qs's arrayLimit bypass in its bracket notation allows DoS via memory exhaustion",
15 silly audit report       severity: 'high',
15 silly audit report       vulnerable_versions: '<6.14.1',
15 silly audit report       cwe: [Array],
15 silly audit report       cvss: [Object]
15 silly audit report     }
15 silly audit report   ]
15 silly audit report }
16 silly packumentCache corgi:https://registry.npmjs.org/qs cache-miss
17 http cache https://registry.npmjs.org/qs 9ms (cache hit)
18 silly packumentCache corgi:https://registry.npmjs.org/qs set size:111251 disposed:false
19 silly packumentCache corgi:https://registry.npmjs.org/body-parser cache-miss
20 silly packumentCache corgi:https://registry.npmjs.org/express cache-miss
21 http cache https://registry.npmjs.org/body-parser 7ms (cache hit)
22 silly packumentCache corgi:https://registry.npmjs.org/body-parser set size:76685 disposed:false
23 http cache https://registry.npmjs.org/express 10ms (cache hit)
24 silly packumentCache corgi:https://registry.npmjs.org/express set size:337735 disposed:false
25 silly idealTree buildDeps
26 silly fetch manifest qs@^6.14.0
27 silly packumentCache full:https://registry.npmjs.org/qs cache-miss
28 http fetch GET 200 https://registry.npmjs.org/qs 62ms (cache miss)
29 silly packumentCache full:https://registry.npmjs.org/qs set size:undefined disposed:false
30 silly placeDep ROOT qs@6.14.1 REPLACE for: body-parser@2.2.1 want: ^6.14.0
31 silly reify mark retired [ '/home/ec2-user/AXO-Project/node_modules/qs' ]
32 silly reify moves {
32 silly reify   '/home/ec2-user/AXO-Project/node_modules/qs': '/home/ec2-user/AXO-Project/node_modules/.qs-pvKuDclJ'
32 silly reify }
33 silly audit bulk request {
33 silly audit   '@mongodb-js/saslprep': [ '1.4.4' ],
33 silly audit   '@types/webidl-conversions': [ '7.0.3' ],
33 silly audit   '@types/whatwg-url': [ '13.0.0' ],
33 silly audit   accepts: [ '2.0.0' ],
33 silly audit   'body-parser': [ '2.2.1' ],
33 silly audit   bson: [ '7.0.0' ],
33 silly audit   bytes: [ '3.1.2' ],
33 silly audit   'call-bind-apply-helpers': [ '1.0.2' ],
33 silly audit   'call-bound': [ '1.0.4' ],
33 silly audit   'content-disposition': [ '1.0.1' ],
33 silly audit   'content-type': [ '1.0.5' ],
33 silly audit   cookie: [ '0.7.2' ],
33 silly audit   'cookie-signature': [ '1.2.2' ],
33 silly audit   cors: [ '2.8.5' ],
33 silly audit   debug: [ '4.4.3' ],
33 silly audit   depd: [ '2.0.0' ],
33 silly audit   'dunder-proto': [ '1.0.1' ],
33 silly audit   'ee-first': [ '1.1.1' ],
33 silly audit   encodeurl: [ '2.0.0' ],
33 silly audit   'es-define-property': [ '1.0.1' ],
33 silly audit   'es-errors': [ '1.3.0' ],
33 silly audit   'es-object-atoms': [ '1.1.1' ],
33 silly audit   'escape-html': [ '1.0.3' ],
33 silly audit   etag: [ '1.8.1' ],
33 silly audit   express: [ '5.2.1' ],
33 silly audit   finalhandler: [ '2.1.1' ],
33 silly audit   forwarded: [ '0.2.0' ],
33 silly audit   fresh: [ '2.0.0' ],
33 silly audit   'function-bind': [ '1.1.2' ],
33 silly audit   'get-intrinsic': [ '1.3.0' ],
33 silly audit   'get-proto': [ '1.0.1' ],
33 silly audit   gopd: [ '1.2.0' ],
33 silly audit   'has-symbols': [ '1.1.0' ],
33 silly audit   hasown: [ '2.0.2' ],
33 silly audit   'http-errors': [ '2.0.1' ],
33 silly audit   'iconv-lite': [ '0.7.1' ],
33 silly audit   inherits: [ '2.0.4' ],
33 silly audit   'ipaddr.js': [ '1.9.1' ],
33 silly audit   'is-promise': [ '4.0.0' ],
33 silly audit   kareem: [ '3.0.0' ],
33 silly audit   'math-intrinsics': [ '1.1.0' ],
33 silly audit   'media-typer': [ '1.1.0' ],
33 silly audit   'memory-pager': [ '1.5.0' ],
33 silly audit   'merge-descriptors': [ '2.0.0' ],
33 silly audit   'mime-db': [ '1.54.0' ],
33 silly audit   'mime-types': [ '3.0.2' ],
33 silly audit   mongodb: [ '7.0.0' ],
33 silly audit   'mongodb-connection-string-url': [ '7.0.0' ],
33 silly audit   mongoose: [ '9.0.2' ],
33 silly audit   mpath: [ '0.9.0' ],
33 silly audit   mquery: [ '6.0.0' ],
33 silly audit   ms: [ '2.1.3' ],
33 silly audit   negotiator: [ '1.0.0' ],
33 silly audit   'object-assign': [ '4.1.1' ],
33 silly audit   'object-inspect': [ '1.13.4' ],
33 silly audit   'on-finished': [ '2.4.1' ],
33 silly audit   once: [ '1.4.0' ],
33 silly audit   parseurl: [ '1.3.3' ],
33 silly audit   'path-to-regexp': [ '8.3.0' ],
33 silly audit   'proxy-addr': [ '2.0.7' ],
33 silly audit   punycode: [ '2.3.1' ],
33 silly audit   'range-parser': [ '1.2.1' ],
33 silly audit   'raw-body': [ '3.0.2' ],
33 silly audit   router: [ '2.2.0' ],
33 silly audit   'safer-buffer': [ '2.1.2' ],
33 silly audit   send: [ '1.2.1' ],
33 silly audit   'serve-static': [ '2.2.1' ],
33 silly audit   setprototypeof: [ '1.2.0' ],
33 silly audit   'side-channel': [ '1.1.0' ],
33 silly audit   'side-channel-list': [ '1.0.0' ],
33 silly audit   'side-channel-map': [ '1.0.1' ],
33 silly audit   'side-channel-weakmap': [ '1.0.2' ],
33 silly audit   sift: [ '17.1.3' ],
33 silly audit   'sparse-bitfield': [ '3.0.3' ],
33 silly audit   statuses: [ '2.0.2' ],
33 silly audit   toidentifier: [ '1.0.1' ],
33 silly audit   tr46: [ '5.1.1' ],
33 silly audit   'type-is': [ '2.0.1' ],
33 silly audit   unpipe: [ '1.0.0' ],
33 silly audit   vary: [ '1.1.2' ],
33 silly audit   'webidl-conversions': [ '7.0.0' ],
33 silly audit   'whatwg-url': [ '14.2.0' ],
33 silly audit   wrappy: [ '1.0.2' ],
33 silly audit   qs: [ '6.14.1' ]
33 silly audit }
34 http cache qs@https://registry.npmjs.org/qs/-/qs-6.14.1.tgz 0ms (cache hit)
35 silly tarball no local data for qs@https://registry.npmjs.org/qs/-/qs-6.14.1.tgz. Extracting by manifest.
36 http fetch GET 200 https://registry.npmjs.org/qs/-/qs-6.14.1.tgz 68ms (cache miss)
37 http fetch POST 200 https://registry.npmjs.org/-/npm/v1/security/advisories/bulk 262ms
38 silly audit report {}
39 silly CHANGE node_modules/qs
40 verbose cwd /home/ec2-user/AXO-Project
41 verbose os Linux 6.1.158-180.294.amzn2023.x86_64
42 verbose node v24.12.0
43 verbose npm  v11.6.2
44 verbose exit 0
45 info ok
